{"C:\\Desktop\\ESPE\\6-7 level\\Pruebas\\202550_Pruebas_Software_Grupo4\\Proyecto_P1\\holistica-backend\\config\\db.js": {"path":"C:\\Desktop\\ESPE\\6-7 level\\Pruebas\\202550_Pruebas_Software_Grupo4\\Proyecto_P1\\holistica-backend\\config\\db.js","statementMap":{"0":{"start":{"line":1,"column":14},"end":{"line":1,"column":39}},"1":{"start":{"line":2,"column":0},"end":{"line":2,"column":27}},"2":{"start":{"line":4,"column":19},"end":{"line":14,"column":1}},"3":{"start":{"line":16,"column":13},"end":{"line":16,"column":41}},"4":{"start":{"line":19,"column":0},"end":{"line":25,"column":7}},"5":{"start":{"line":21,"column":8},"end":{"line":21,"column":29}},"6":{"start":{"line":27,"column":0},"end":{"line":27,"column":22}}},"fnMap":{"0":{"name":"(anonymous_0)","decl":{"start":{"line":20,"column":10},"end":{"line":20,"column":11}},"loc":{"start":{"line":20,"column":24},"end":{"line":22,"column":5}},"line":20},"1":{"name":"(anonymous_1)","decl":{"start":{"line":23,"column":11},"end":{"line":23,"column":12}},"loc":{"start":{"line":23,"column":20},"end":{"line":25,"column":5}},"line":23}},"branchMap":{"0":{"loc":{"start":{"line":5,"column":10},"end":{"line":5,"column":55}},"type":"binary-expr","locations":[{"start":{"line":5,"column":10},"end":{"line":5,"column":32}},{"start":{"line":5,"column":36},"end":{"line":5,"column":55}}],"line":5},"1":{"loc":{"start":{"line":6,"column":10},"end":{"line":6,"column":55}},"type":"binary-expr","locations":[{"start":{"line":6,"column":10},"end":{"line":6,"column":32}},{"start":{"line":6,"column":36},"end":{"line":6,"column":55}}],"line":6},"2":{"loc":{"start":{"line":7,"column":14},"end":{"line":7,"column":67}},"type":"binary-expr","locations":[{"start":{"line":7,"column":14},"end":{"line":7,"column":40}},{"start":{"line":7,"column":44},"end":{"line":7,"column":67}}],"line":7},"3":{"loc":{"start":{"line":8,"column":14},"end":{"line":8,"column":57}},"type":"binary-expr","locations":[{"start":{"line":8,"column":14},"end":{"line":8,"column":34}},{"start":{"line":8,"column":38},"end":{"line":8,"column":57}}],"line":8},"4":{"loc":{"start":{"line":9,"column":10},"end":{"line":9,"column":55}},"type":"binary-expr","locations":[{"start":{"line":9,"column":10},"end":{"line":9,"column":32}},{"start":{"line":9,"column":36},"end":{"line":9,"column":55}}],"line":9}},"s":{"0":3,"1":3,"2":3,"3":3,"4":3,"5":0,"6":3},"f":{"0":0,"1":0},"b":{"0":[3,0],"1":[3,0],"2":[3,3],"3":[3,0],"4":[3,0]},"_coverageSchema":"1a1c01bbd47fc00a2c39e90264f33305004495a9","hash":"8a6d2b496ab29103cf61f5ceea3ca4824dae2cb1"}
,"C:\\Desktop\\ESPE\\6-7 level\\Pruebas\\202550_Pruebas_Software_Grupo4\\Proyecto_P1\\holistica-backend\\config\\env.js": {"path":"C:\\Desktop\\ESPE\\6-7 level\\Pruebas\\202550_Pruebas_Software_Grupo4\\Proyecto_P1\\holistica-backend\\config\\env.js","statementMap":{"0":{"start":{"line":1,"column":0},"end":{"line":1,"column":27}},"1":{"start":{"line":3,"column":15},"end":{"line":20,"column":1}},"2":{"start":{"line":23,"column":24},"end":{"line":28,"column":1}},"3":{"start":{"line":30,"column":23},"end":{"line":30,"column":72}},"4":{"start":{"line":30,"column":56},"end":{"line":30,"column":71}},"5":{"start":{"line":32,"column":0},"end":{"line":35,"column":1}},"6":{"start":{"line":33,"column":4},"end":{"line":33,"column":90}},"7":{"start":{"line":34,"column":4},"end":{"line":34,"column":20}},"8":{"start":{"line":37,"column":0},"end":{"line":37,"column":24}}},"fnMap":{"0":{"name":"(anonymous_0)","decl":{"start":{"line":30,"column":46},"end":{"line":30,"column":47}},"loc":{"start":{"line":30,"column":56},"end":{"line":30,"column":71}},"line":30}},"branchMap":{"0":{"loc":{"start":{"line":5,"column":10},"end":{"line":5,"column":34}},"type":"binary-expr","locations":[{"start":{"line":5,"column":10},"end":{"line":5,"column":26}},{"start":{"line":5,"column":30},"end":{"line":5,"column":34}}],"line":5},"1":{"loc":{"start":{"line":11,"column":16},"end":{"line":11,"column":46}},"type":"binary-expr","locations":[{"start":{"line":11,"column":16},"end":{"line":11,"column":38}},{"start":{"line":11,"column":42},"end":{"line":11,"column":46}}],"line":11},"2":{"loc":{"start":{"line":16,"column":16},"end":{"line":16,"column":47}},"type":"binary-expr","locations":[{"start":{"line":16,"column":16},"end":{"line":16,"column":38}},{"start":{"line":16,"column":42},"end":{"line":16,"column":47}}],"line":16},"3":{"loc":{"start":{"line":19,"column":18},"end":{"line":19,"column":69}},"type":"binary-expr","locations":[{"start":{"line":19,"column":18},"end":{"line":19,"column":42}},{"start":{"line":19,"column":46},"end":{"line":19,"column":69}}],"line":19},"4":{"loc":{"start":{"line":32,"column":0},"end":{"line":35,"column":1}},"type":"if","locations":[{"start":{"line":32,"column":0},"end":{"line":35,"column":1}},{"start":{},"end":{}}],"line":32}},"s":{"0":1,"1":1,"2":1,"3":1,"4":4,"5":1,"6":0,"7":0,"8":1},"f":{"0":4},"b":{"0":[1,0],"1":[1,0],"2":[1,1],"3":[1,0],"4":[0,1]},"_coverageSchema":"1a1c01bbd47fc00a2c39e90264f33305004495a9","hash":"9b54e97ff15c3ca6b0cc7073e3a526bee17acf0d"}
,"C:\\Desktop\\ESPE\\6-7 level\\Pruebas\\202550_Pruebas_Software_Grupo4\\Proyecto_P1\\holistica-backend\\controllers\\auth.controller.js": {"path":"C:\\Desktop\\ESPE\\6-7 level\\Pruebas\\202550_Pruebas_Software_Grupo4\\Proyecto_P1\\holistica-backend\\controllers\\auth.controller.js","statementMap":{"0":{"start":{"line":1,"column":15},"end":{"line":1,"column":32}},"1":{"start":{"line":2,"column":12},"end":{"line":2,"column":35}},"2":{"start":{"line":3,"column":18},"end":{"line":3,"column":49}},"3":{"start":{"line":5,"column":17},"end":{"line":30,"column":1}},"4":{"start":{"line":6,"column":4},"end":{"line":29,"column":5}},"5":{"start":{"line":7,"column":86},"end":{"line":7,"column":94}},"6":{"start":{"line":10,"column":29},"end":{"line":10,"column":63}},"7":{"start":{"line":11,"column":8},"end":{"line":13,"column":9}},"8":{"start":{"line":12,"column":12},"end":{"line":12,"column":82}},"9":{"start":{"line":16,"column":30},"end":{"line":16,"column":61}},"10":{"start":{"line":19,"column":23},"end":{"line":21,"column":10}},"11":{"start":{"line":23,"column":8},"end":{"line":26,"column":11}},"12":{"start":{"line":28,"column":8},"end":{"line":28,"column":94}},"13":{"start":{"line":32,"column":14},"end":{"line":68,"column":1}},"14":{"start":{"line":33,"column":4},"end":{"line":67,"column":5}},"15":{"start":{"line":34,"column":36},"end":{"line":34,"column":44}},"16":{"start":{"line":37,"column":21},"end":{"line":37,"column":55}},"17":{"start":{"line":38,"column":8},"end":{"line":40,"column":9}},"18":{"start":{"line":39,"column":12},"end":{"line":39,"column":77}},"19":{"start":{"line":43,"column":30},"end":{"line":43,"column":80}},"20":{"start":{"line":44,"column":8},"end":{"line":46,"column":9}},"21":{"start":{"line":45,"column":12},"end":{"line":45,"column":77}},"22":{"start":{"line":49,"column":22},"end":{"line":53,"column":9}},"23":{"start":{"line":55,"column":8},"end":{"line":64,"column":11}},"24":{"start":{"line":66,"column":8},"end":{"line":66,"column":91}},"25":{"start":{"line":70,"column":15},"end":{"line":77,"column":1}},"26":{"start":{"line":71,"column":4},"end":{"line":76,"column":5}},"27":{"start":{"line":73,"column":8},"end":{"line":73,"column":61}},"28":{"start":{"line":75,"column":8},"end":{"line":75,"column":90}},"29":{"start":{"line":81,"column":0},"end":{"line":85,"column":2}}},"fnMap":{"0":{"name":"(anonymous_0)","decl":{"start":{"line":5,"column":17},"end":{"line":5,"column":18}},"loc":{"start":{"line":5,"column":37},"end":{"line":30,"column":1}},"line":5},"1":{"name":"(anonymous_1)","decl":{"start":{"line":32,"column":14},"end":{"line":32,"column":15}},"loc":{"start":{"line":32,"column":34},"end":{"line":68,"column":1}},"line":32},"2":{"name":"(anonymous_2)","decl":{"start":{"line":70,"column":15},"end":{"line":70,"column":16}},"loc":{"start":{"line":70,"column":35},"end":{"line":77,"column":1}},"line":70}},"branchMap":{"0":{"loc":{"start":{"line":7,"column":70},"end":{"line":7,"column":81}},"type":"default-arg","locations":[{"start":{"line":7,"column":80},"end":{"line":7,"column":81}}],"line":7},"1":{"loc":{"start":{"line":11,"column":8},"end":{"line":13,"column":9}},"type":"if","locations":[{"start":{"line":11,"column":8},"end":{"line":13,"column":9}},{"start":{},"end":{}}],"line":11},"2":{"loc":{"start":{"line":38,"column":8},"end":{"line":40,"column":9}},"type":"if","locations":[{"start":{"line":38,"column":8},"end":{"line":40,"column":9}},{"start":{},"end":{}}],"line":38},"3":{"loc":{"start":{"line":44,"column":8},"end":{"line":46,"column":9}},"type":"if","locations":[{"start":{"line":44,"column":8},"end":{"line":46,"column":9}},{"start":{},"end":{}}],"line":44}},"s":{"0":1,"1":1,"2":1,"3":1,"4":3,"5":3,"6":3,"7":3,"8":1,"9":2,"10":2,"11":1,"12":1,"13":1,"14":4,"15":4,"16":4,"17":3,"18":1,"19":2,"20":2,"21":1,"22":1,"23":1,"24":1,"25":1,"26":2,"27":2,"28":1,"29":1},"f":{"0":3,"1":4,"2":2},"b":{"0":[3],"1":[1,2],"2":[1,2],"3":[1,1]},"_coverageSchema":"1a1c01bbd47fc00a2c39e90264f33305004495a9","hash":"12b2e6d413fedc7253c8e448e7339588fe1d0f66"}
,"C:\\Desktop\\ESPE\\6-7 level\\Pruebas\\202550_Pruebas_Software_Grupo4\\Proyecto_P1\\holistica-backend\\controllers\\course.controller.js": {"path":"C:\\Desktop\\ESPE\\6-7 level\\Pruebas\\202550_Pruebas_Software_Grupo4\\Proyecto_P1\\holistica-backend\\controllers\\course.controller.js","statementMap":{"0":{"start":{"line":1,"column":20},"end":{"line":1,"column":53}},"1":{"start":{"line":87,"column":25},"end":{"line":91,"column":1}},"2":{"start":{"line":88,"column":4},"end":{"line":90,"column":6}},"3":{"start":{"line":93,"column":23},"end":{"line":95,"column":1}},"4":{"start":{"line":94,"column":4},"end":{"line":94,"column":56}},"5":{"start":{"line":94,"column":42},"end":{"line":94,"column":54}},"6":{"start":{"line":97,"column":21},"end":{"line":117,"column":1}},"7":{"start":{"line":98,"column":4},"end":{"line":116,"column":5}},"8":{"start":{"line":99,"column":27},"end":{"line":102,"column":9}},"9":{"start":{"line":104,"column":30},"end":{"line":104,"column":82}},"10":{"start":{"line":105,"column":8},"end":{"line":107,"column":9}},"11":{"start":{"line":106,"column":12},"end":{"line":106,"column":101}},"12":{"start":{"line":109,"column":25},"end":{"line":109,"column":61}},"13":{"start":{"line":110,"column":8},"end":{"line":113,"column":11}},"14":{"start":{"line":115,"column":8},"end":{"line":115,"column":81}},"15":{"start":{"line":119,"column":22},"end":{"line":126,"column":1}},"16":{"start":{"line":120,"column":4},"end":{"line":125,"column":5}},"17":{"start":{"line":121,"column":24},"end":{"line":121,"column":51}},"18":{"start":{"line":122,"column":8},"end":{"line":122,"column":33}},"19":{"start":{"line":124,"column":8},"end":{"line":124,"column":84}},"20":{"start":{"line":128,"column":22},"end":{"line":141,"column":1}},"21":{"start":{"line":129,"column":4},"end":{"line":140,"column":5}},"22":{"start":{"line":130,"column":23},"end":{"line":130,"column":33}},"23":{"start":{"line":131,"column":23},"end":{"line":131,"column":53}},"24":{"start":{"line":133,"column":8},"end":{"line":135,"column":9}},"25":{"start":{"line":134,"column":12},"end":{"line":134,"column":69}},"26":{"start":{"line":137,"column":8},"end":{"line":137,"column":32}},"27":{"start":{"line":139,"column":8},"end":{"line":139,"column":83}},"28":{"start":{"line":143,"column":21},"end":{"line":157,"column":1}},"29":{"start":{"line":144,"column":4},"end":{"line":156,"column":5}},"30":{"start":{"line":145,"column":23},"end":{"line":145,"column":33}},"31":{"start":{"line":146,"column":23},"end":{"line":146,"column":53}},"32":{"start":{"line":148,"column":8},"end":{"line":150,"column":9}},"33":{"start":{"line":149,"column":12},"end":{"line":149,"column":69}},"34":{"start":{"line":152,"column":8},"end":{"line":152,"column":47}},"35":{"start":{"line":153,"column":8},"end":{"line":153,"column":71}},"36":{"start":{"line":155,"column":8},"end":{"line":155,"column":86}},"37":{"start":{"line":159,"column":21},"end":{"line":173,"column":1}},"38":{"start":{"line":160,"column":4},"end":{"line":172,"column":5}},"39":{"start":{"line":161,"column":23},"end":{"line":161,"column":33}},"40":{"start":{"line":162,"column":23},"end":{"line":162,"column":53}},"41":{"start":{"line":164,"column":8},"end":{"line":166,"column":9}},"42":{"start":{"line":165,"column":12},"end":{"line":165,"column":69}},"43":{"start":{"line":168,"column":8},"end":{"line":168,"column":37}},"44":{"start":{"line":169,"column":8},"end":{"line":169,"column":69}},"45":{"start":{"line":171,"column":8},"end":{"line":171,"column":84}},"46":{"start":{"line":177,"column":0},"end":{"line":183,"column":2}}},"fnMap":{"0":{"name":"(anonymous_0)","decl":{"start":{"line":87,"column":25},"end":{"line":87,"column":26}},"loc":{"start":{"line":87,"column":67},"end":{"line":91,"column":1}},"line":87},"1":{"name":"(anonymous_1)","decl":{"start":{"line":93,"column":23},"end":{"line":93,"column":24}},"loc":{"start":{"line":93,"column":49},"end":{"line":95,"column":1}},"line":93},"2":{"name":"(anonymous_2)","decl":{"start":{"line":94,"column":33},"end":{"line":94,"column":34}},"loc":{"start":{"line":94,"column":42},"end":{"line":94,"column":54}},"line":94},"3":{"name":"(anonymous_3)","decl":{"start":{"line":97,"column":21},"end":{"line":97,"column":22}},"loc":{"start":{"line":97,"column":41},"end":{"line":117,"column":1}},"line":97},"4":{"name":"(anonymous_4)","decl":{"start":{"line":119,"column":22},"end":{"line":119,"column":23}},"loc":{"start":{"line":119,"column":42},"end":{"line":126,"column":1}},"line":119},"5":{"name":"(anonymous_5)","decl":{"start":{"line":128,"column":22},"end":{"line":128,"column":23}},"loc":{"start":{"line":128,"column":42},"end":{"line":141,"column":1}},"line":128},"6":{"name":"(anonymous_6)","decl":{"start":{"line":143,"column":21},"end":{"line":143,"column":22}},"loc":{"start":{"line":143,"column":41},"end":{"line":157,"column":1}},"line":143},"7":{"name":"(anonymous_7)","decl":{"start":{"line":159,"column":21},"end":{"line":159,"column":22}},"loc":{"start":{"line":159,"column":41},"end":{"line":173,"column":1}},"line":159}},"branchMap":{"0":{"loc":{"start":{"line":87,"column":48},"end":{"line":87,"column":62}},"type":"default-arg","locations":[{"start":{"line":87,"column":58},"end":{"line":87,"column":62}}],"line":87},"1":{"loc":{"start":{"line":89,"column":8},"end":{"line":89,"column":66}},"type":"cond-expr","locations":[{"start":{"line":89,"column":18},"end":{"line":89,"column":45}},{"start":{"line":89,"column":48},"end":{"line":89,"column":66}}],"line":89},"2":{"loc":{"start":{"line":105,"column":8},"end":{"line":107,"column":9}},"type":"if","locations":[{"start":{"line":105,"column":8},"end":{"line":107,"column":9}},{"start":{},"end":{}}],"line":105},"3":{"loc":{"start":{"line":133,"column":8},"end":{"line":135,"column":9}},"type":"if","locations":[{"start":{"line":133,"column":8},"end":{"line":135,"column":9}},{"start":{},"end":{}}],"line":133},"4":{"loc":{"start":{"line":148,"column":8},"end":{"line":150,"column":9}},"type":"if","locations":[{"start":{"line":148,"column":8},"end":{"line":150,"column":9}},{"start":{},"end":{}}],"line":148},"5":{"loc":{"start":{"line":164,"column":8},"end":{"line":166,"column":9}},"type":"if","locations":[{"start":{"line":164,"column":8},"end":{"line":166,"column":9}},{"start":{},"end":{}}],"line":164}},"s":{"0":1,"1":1,"2":9,"3":1,"4":3,"5":6,"6":1,"7":3,"8":3,"9":3,"10":3,"11":1,"12":2,"13":1,"14":1,"15":1,"16":2,"17":2,"18":1,"19":1,"20":1,"21":3,"22":3,"23":3,"24":2,"25":1,"26":1,"27":1,"28":1,"29":3,"30":3,"31":3,"32":3,"33":1,"34":2,"35":1,"36":1,"37":1,"38":3,"39":3,"40":3,"41":3,"42":1,"43":2,"44":1,"45":1,"46":1},"f":{"0":9,"1":3,"2":6,"3":3,"4":2,"5":3,"6":3,"7":3},"b":{"0":[3],"1":[6,3],"2":[1,2],"3":[1,1],"4":[1,2],"5":[1,2]},"_coverageSchema":"1a1c01bbd47fc00a2c39e90264f33305004495a9","hash":"2b61b8bcb8395d8ab8932b1334e5128c12740fa2"}
,"C:\\Desktop\\ESPE\\6-7 level\\Pruebas\\202550_Pruebas_Software_Grupo4\\Proyecto_P1\\holistica-backend\\controllers\\user.controller.js": {"path":"C:\\Desktop\\ESPE\\6-7 level\\Pruebas\\202550_Pruebas_Software_Grupo4\\Proyecto_P1\\holistica-backend\\controllers\\user.controller.js","statementMap":{"0":{"start":{"line":1,"column":18},"end":{"line":1,"column":49}},"1":{"start":{"line":2,"column":15},"end":{"line":2,"column":32}},"2":{"start":{"line":4,"column":19},"end":{"line":19,"column":1}},"3":{"start":{"line":5,"column":2},"end":{"line":18,"column":3}},"4":{"start":{"line":6,"column":19},"end":{"line":6,"column":30}},"5":{"start":{"line":7,"column":17},"end":{"line":7,"column":49}},"6":{"start":{"line":9,"column":4},"end":{"line":11,"column":5}},"7":{"start":{"line":10,"column":6},"end":{"line":10,"column":70}},"8":{"start":{"line":14,"column":46},"end":{"line":14,"column":50}},"9":{"start":{"line":15,"column":4},"end":{"line":15,"column":26}},"10":{"start":{"line":17,"column":4},"end":{"line":17,"column":87}},"11":{"start":{"line":21,"column":22},"end":{"line":43,"column":1}},"12":{"start":{"line":22,"column":2},"end":{"line":42,"column":3}},"13":{"start":{"line":23,"column":19},"end":{"line":23,"column":30}},"14":{"start":{"line":24,"column":23},"end":{"line":24,"column":37}},"15":{"start":{"line":27,"column":4},"end":{"line":29,"column":5}},"16":{"start":{"line":28,"column":6},"end":{"line":28,"column":91}},"17":{"start":{"line":32,"column":84},"end":{"line":32,"column":94}},"18":{"start":{"line":34,"column":4},"end":{"line":36,"column":5}},"19":{"start":{"line":35,"column":6},"end":{"line":35,"column":100}},"20":{"start":{"line":38,"column":4},"end":{"line":38,"column":51}},"21":{"start":{"line":39,"column":4},"end":{"line":39,"column":61}},"22":{"start":{"line":41,"column":4},"end":{"line":41,"column":90}},"23":{"start":{"line":45,"column":20},"end":{"line":57,"column":1}},"24":{"start":{"line":46,"column":2},"end":{"line":56,"column":3}},"25":{"start":{"line":47,"column":18},"end":{"line":47,"column":43}},"26":{"start":{"line":49,"column":22},"end":{"line":52,"column":6}},"27":{"start":{"line":50,"column":45},"end":{"line":50,"column":49}},"28":{"start":{"line":51,"column":6},"end":{"line":51,"column":22}},"29":{"start":{"line":53,"column":4},"end":{"line":53,"column":24}},"30":{"start":{"line":55,"column":4},"end":{"line":55,"column":89}},"31":{"start":{"line":59,"column":19},"end":{"line":89,"column":1}},"32":{"start":{"line":60,"column":2},"end":{"line":88,"column":3}},"33":{"start":{"line":61,"column":82},"end":{"line":61,"column":90}},"34":{"start":{"line":64,"column":4},"end":{"line":66,"column":5}},"35":{"start":{"line":65,"column":6},"end":{"line":65,"column":106}},"36":{"start":{"line":69,"column":25},"end":{"line":69,"column":59}},"37":{"start":{"line":70,"column":4},"end":{"line":72,"column":5}},"38":{"start":{"line":71,"column":6},"end":{"line":71,"column":76}},"39":{"start":{"line":75,"column":26},"end":{"line":75,"column":57}},"40":{"start":{"line":78,"column":19},"end":{"line":80,"column":6}},"41":{"start":{"line":82,"column":4},"end":{"line":85,"column":7}},"42":{"start":{"line":87,"column":4},"end":{"line":87,"column":86}},"43":{"start":{"line":91,"column":19},"end":{"line":112,"column":1}},"44":{"start":{"line":92,"column":2},"end":{"line":111,"column":3}},"45":{"start":{"line":93,"column":15},"end":{"line":93,"column":28}},"46":{"start":{"line":94,"column":20},"end":{"line":94,"column":48}},"47":{"start":{"line":96,"column":4},"end":{"line":101,"column":5}},"48":{"start":{"line":97,"column":6},"end":{"line":100,"column":9}},"49":{"start":{"line":103,"column":4},"end":{"line":103,"column":31}},"50":{"start":{"line":105,"column":4},"end":{"line":108,"column":7}},"51":{"start":{"line":110,"column":4},"end":{"line":110,"column":89}},"52":{"start":{"line":115,"column":0},"end":{"line":121,"column":2}}},"fnMap":{"0":{"name":"(anonymous_0)","decl":{"start":{"line":4,"column":19},"end":{"line":4,"column":20}},"loc":{"start":{"line":4,"column":39},"end":{"line":19,"column":1}},"line":4},"1":{"name":"(anonymous_1)","decl":{"start":{"line":21,"column":22},"end":{"line":21,"column":23}},"loc":{"start":{"line":21,"column":42},"end":{"line":43,"column":1}},"line":21},"2":{"name":"(anonymous_2)","decl":{"start":{"line":45,"column":20},"end":{"line":45,"column":21}},"loc":{"start":{"line":45,"column":40},"end":{"line":57,"column":1}},"line":45},"3":{"name":"(anonymous_3)","decl":{"start":{"line":49,"column":32},"end":{"line":49,"column":33}},"loc":{"start":{"line":49,"column":40},"end":{"line":52,"column":5}},"line":49},"4":{"name":"(anonymous_4)","decl":{"start":{"line":59,"column":19},"end":{"line":59,"column":20}},"loc":{"start":{"line":59,"column":39},"end":{"line":89,"column":1}},"line":59},"5":{"name":"(anonymous_5)","decl":{"start":{"line":91,"column":19},"end":{"line":91,"column":20}},"loc":{"start":{"line":91,"column":39},"end":{"line":112,"column":1}},"line":91}},"branchMap":{"0":{"loc":{"start":{"line":9,"column":4},"end":{"line":11,"column":5}},"type":"if","locations":[{"start":{"line":9,"column":4},"end":{"line":11,"column":5}},{"start":{},"end":{}}],"line":9},"1":{"loc":{"start":{"line":24,"column":23},"end":{"line":24,"column":37}},"type":"binary-expr","locations":[{"start":{"line":24,"column":23},"end":{"line":24,"column":31}},{"start":{"line":24,"column":35},"end":{"line":24,"column":37}}],"line":24},"2":{"loc":{"start":{"line":27,"column":4},"end":{"line":29,"column":5}},"type":"if","locations":[{"start":{"line":27,"column":4},"end":{"line":29,"column":5}},{"start":{},"end":{}}],"line":27},"3":{"loc":{"start":{"line":34,"column":4},"end":{"line":36,"column":5}},"type":"if","locations":[{"start":{"line":34,"column":4},"end":{"line":36,"column":5}},{"start":{},"end":{}}],"line":34},"4":{"loc":{"start":{"line":61,"column":66},"end":{"line":61,"column":77}},"type":"default-arg","locations":[{"start":{"line":61,"column":76},"end":{"line":61,"column":77}}],"line":61},"5":{"loc":{"start":{"line":64,"column":4},"end":{"line":66,"column":5}},"type":"if","locations":[{"start":{"line":64,"column":4},"end":{"line":66,"column":5}},{"start":{},"end":{}}],"line":64},"6":{"loc":{"start":{"line":64,"column":8},"end":{"line":64,"column":49}},"type":"binary-expr","locations":[{"start":{"line":64,"column":8},"end":{"line":64,"column":13}},{"start":{"line":64,"column":17},"end":{"line":64,"column":26}},{"start":{"line":64,"column":30},"end":{"line":64,"column":36}},{"start":{"line":64,"column":40},"end":{"line":64,"column":49}}],"line":64},"7":{"loc":{"start":{"line":70,"column":4},"end":{"line":72,"column":5}},"type":"if","locations":[{"start":{"line":70,"column":4},"end":{"line":72,"column":5}},{"start":{},"end":{}}],"line":70},"8":{"loc":{"start":{"line":96,"column":4},"end":{"line":101,"column":5}},"type":"if","locations":[{"start":{"line":96,"column":4},"end":{"line":101,"column":5}},{"start":{},"end":{}}],"line":96}},"s":{"0":1,"1":1,"2":1,"3":3,"4":3,"5":3,"6":2,"7":1,"8":1,"9":1,"10":1,"11":1,"12":4,"13":4,"14":4,"15":4,"16":1,"17":3,"18":3,"19":1,"20":2,"21":1,"22":1,"23":1,"24":2,"25":2,"26":1,"27":2,"28":2,"29":1,"30":1,"31":1,"32":4,"33":4,"34":4,"35":1,"36":3,"37":3,"38":1,"39":2,"40":2,"41":1,"42":1,"43":1,"44":3,"45":3,"46":3,"47":3,"48":1,"49":2,"50":1,"51":1,"52":1},"f":{"0":3,"1":4,"2":2,"3":2,"4":4,"5":3},"b":{"0":[1,1],"1":[4,0],"2":[1,3],"3":[1,2],"4":[4],"5":[1,3],"6":[4,4,3,3],"7":[1,2],"8":[1,2]},"_coverageSchema":"1a1c01bbd47fc00a2c39e90264f33305004495a9","hash":"0877fabba33648536a1ca5a53a43153d702a114a"}
,"C:\\Desktop\\ESPE\\6-7 level\\Pruebas\\202550_Pruebas_Software_Grupo4\\Proyecto_P1\\holistica-backend\\middlewares\\auth.middleware.js": {"path":"C:\\Desktop\\ESPE\\6-7 level\\Pruebas\\202550_Pruebas_Software_Grupo4\\Proyecto_P1\\holistica-backend\\middlewares\\auth.middleware.js","statementMap":{"0":{"start":{"line":1,"column":12},"end":{"line":1,"column":35}},"1":{"start":{"line":3,"column":26},"end":{"line":21,"column":1}},"2":{"start":{"line":4,"column":21},"end":{"line":4,"column":49}},"3":{"start":{"line":5,"column":16},"end":{"line":5,"column":41}},"4":{"start":{"line":7,"column":2},"end":{"line":9,"column":3}},"5":{"start":{"line":8,"column":4},"end":{"line":8,"column":72}},"6":{"start":{"line":11,"column":2},"end":{"line":20,"column":3}},"7":{"start":{"line":12,"column":20},"end":{"line":12,"column":61}},"8":{"start":{"line":13,"column":4},"end":{"line":13,"column":23}},"9":{"start":{"line":14,"column":4},"end":{"line":14,"column":11}},"10":{"start":{"line":16,"column":4},"end":{"line":18,"column":5}},"11":{"start":{"line":17,"column":6},"end":{"line":17,"column":63}},"12":{"start":{"line":19,"column":4},"end":{"line":19,"column":61}},"13":{"start":{"line":23,"column":0},"end":{"line":23,"column":35}}},"fnMap":{"0":{"name":"(anonymous_0)","decl":{"start":{"line":3,"column":26},"end":{"line":3,"column":27}},"loc":{"start":{"line":3,"column":46},"end":{"line":21,"column":1}},"line":3}},"branchMap":{"0":{"loc":{"start":{"line":7,"column":2},"end":{"line":9,"column":3}},"type":"if","locations":[{"start":{"line":7,"column":2},"end":{"line":9,"column":3}},{"start":{},"end":{}}],"line":7},"1":{"loc":{"start":{"line":16,"column":4},"end":{"line":18,"column":5}},"type":"if","locations":[{"start":{"line":16,"column":4},"end":{"line":18,"column":5}},{"start":{},"end":{}}],"line":16}},"s":{"0":1,"1":1,"2":5,"3":5,"4":5,"5":1,"6":4,"7":4,"8":2,"9":2,"10":2,"11":1,"12":1,"13":1},"f":{"0":5},"b":{"0":[1,4],"1":[1,1]},"_coverageSchema":"1a1c01bbd47fc00a2c39e90264f33305004495a9","hash":"2cf6899027c205f18a1319caa2bcc10748eab721"}
,"C:\\Desktop\\ESPE\\6-7 level\\Pruebas\\202550_Pruebas_Software_Grupo4\\Proyecto_P1\\holistica-backend\\models\\course.model.js": {"path":"C:\\Desktop\\ESPE\\6-7 level\\Pruebas\\202550_Pruebas_Software_Grupo4\\Proyecto_P1\\holistica-backend\\models\\course.model.js","statementMap":{"0":{"start":{"line":1,"column":13},"end":{"line":1,"column":36}},"1":{"start":{"line":3,"column":20},"end":{"line":45,"column":1}},"2":{"start":{"line":8,"column":8},"end":{"line":8,"column":14}},"3":{"start":{"line":10,"column":21},"end":{"line":14,"column":5}},"4":{"start":{"line":16,"column":4},"end":{"line":16,"column":27}},"5":{"start":{"line":20,"column":19},"end":{"line":20,"column":60}},"6":{"start":{"line":21,"column":4},"end":{"line":21,"column":16}},"7":{"start":{"line":25,"column":19},"end":{"line":25,"column":79}},"8":{"start":{"line":26,"column":4},"end":{"line":26,"column":19}},"9":{"start":{"line":33,"column":8},"end":{"line":33,"column":12}},"10":{"start":{"line":35,"column":4},"end":{"line":39,"column":6}},"11":{"start":{"line":43,"column":4},"end":{"line":43,"column":63}},"12":{"start":{"line":47,"column":0},"end":{"line":47,"column":29}}},"fnMap":{"0":{"name":"(anonymous_0)","decl":{"start":{"line":4,"column":2},"end":{"line":4,"column":3}},"loc":{"start":{"line":4,"column":23},"end":{"line":17,"column":3}},"line":4},"1":{"name":"(anonymous_1)","decl":{"start":{"line":19,"column":2},"end":{"line":19,"column":3}},"loc":{"start":{"line":19,"column":18},"end":{"line":22,"column":3}},"line":19},"2":{"name":"(anonymous_2)","decl":{"start":{"line":24,"column":2},"end":{"line":24,"column":3}},"loc":{"start":{"line":24,"column":21},"end":{"line":27,"column":3}},"line":24},"3":{"name":"(anonymous_3)","decl":{"start":{"line":29,"column":2},"end":{"line":29,"column":3}},"loc":{"start":{"line":29,"column":25},"end":{"line":40,"column":3}},"line":29},"4":{"name":"(anonymous_4)","decl":{"start":{"line":42,"column":2},"end":{"line":42,"column":3}},"loc":{"start":{"line":42,"column":19},"end":{"line":44,"column":3}},"line":42}},"branchMap":{},"s":{"0":2,"1":2,"2":1,"3":1,"4":1,"5":1,"6":1,"7":2,"8":2,"9":1,"10":1,"11":1,"12":2},"f":{"0":1,"1":1,"2":2,"3":1,"4":1},"b":{},"_coverageSchema":"1a1c01bbd47fc00a2c39e90264f33305004495a9","hash":"a782ed082289e08c4c7a3c8202ee667972ff0fbf"}
,"C:\\Desktop\\ESPE\\6-7 level\\Pruebas\\202550_Pruebas_Software_Grupo4\\Proyecto_P1\\holistica-backend\\models\\user.model.js": {"path":"C:\\Desktop\\ESPE\\6-7 level\\Pruebas\\202550_Pruebas_Software_Grupo4\\Proyecto_P1\\holistica-backend\\models\\user.model.js","statementMap":{"0":{"start":{"line":1,"column":13},"end":{"line":1,"column":36}},"1":{"start":{"line":3,"column":18},"end":{"line":61,"column":1}},"2":{"start":{"line":14,"column":8},"end":{"line":14,"column":12}},"3":{"start":{"line":16,"column":21},"end":{"line":21,"column":5}},"4":{"start":{"line":23,"column":4},"end":{"line":23,"column":27}},"5":{"start":{"line":27,"column":19},"end":{"line":27,"column":77}},"6":{"start":{"line":28,"column":4},"end":{"line":28,"column":19}},"7":{"start":{"line":32,"column":19},"end":{"line":32,"column":83}},"8":{"start":{"line":33,"column":4},"end":{"line":33,"column":19}},"9":{"start":{"line":37,"column":19},"end":{"line":42,"column":6}},"10":{"start":{"line":43,"column":4},"end":{"line":43,"column":16}},"11":{"start":{"line":47,"column":19},"end":{"line":47,"column":36}},"12":{"start":{"line":48,"column":19},"end":{"line":48,"column":38}},"13":{"start":{"line":50,"column":4},"end":{"line":50,"column":36}},"14":{"start":{"line":50,"column":29},"end":{"line":50,"column":36}},"15":{"start":{"line":52,"column":22},"end":{"line":52,"column":68}},"16":{"start":{"line":52,"column":42},"end":{"line":52,"column":56}},"17":{"start":{"line":53,"column":18},"end":{"line":53,"column":62}},"18":{"start":{"line":55,"column":4},"end":{"line":55,"column":45}},"19":{"start":{"line":59,"column":4},"end":{"line":59,"column":61}},"20":{"start":{"line":63,"column":0},"end":{"line":63,"column":27}}},"fnMap":{"0":{"name":"(anonymous_0)","decl":{"start":{"line":4,"column":2},"end":{"line":4,"column":3}},"loc":{"start":{"line":4,"column":21},"end":{"line":24,"column":3}},"line":4},"1":{"name":"(anonymous_1)","decl":{"start":{"line":26,"column":2},"end":{"line":26,"column":3}},"loc":{"start":{"line":26,"column":21},"end":{"line":29,"column":3}},"line":26},"2":{"name":"(anonymous_2)","decl":{"start":{"line":31,"column":2},"end":{"line":31,"column":3}},"loc":{"start":{"line":31,"column":27},"end":{"line":34,"column":3}},"line":31},"3":{"name":"(anonymous_3)","decl":{"start":{"line":36,"column":2},"end":{"line":36,"column":3}},"loc":{"start":{"line":36,"column":18},"end":{"line":44,"column":3}},"line":36},"4":{"name":"(anonymous_4)","decl":{"start":{"line":46,"column":2},"end":{"line":46,"column":3}},"loc":{"start":{"line":46,"column":25},"end":{"line":56,"column":3}},"line":46},"5":{"name":"(anonymous_5)","decl":{"start":{"line":52,"column":33},"end":{"line":52,"column":34}},"loc":{"start":{"line":52,"column":42},"end":{"line":52,"column":56}},"line":52},"6":{"name":"(anonymous_6)","decl":{"start":{"line":58,"column":2},"end":{"line":58,"column":3}},"loc":{"start":{"line":58,"column":19},"end":{"line":60,"column":3}},"line":58}},"branchMap":{"0":{"loc":{"start":{"line":50,"column":4},"end":{"line":50,"column":36}},"type":"if","locations":[{"start":{"line":50,"column":4},"end":{"line":50,"column":36}},{"start":{},"end":{}}],"line":50}},"s":{"0":3,"1":3,"2":1,"3":1,"4":1,"5":2,"6":2,"7":2,"8":2,"9":1,"10":1,"11":2,"12":2,"13":2,"14":1,"15":1,"16":3,"17":1,"18":1,"19":1,"20":3},"f":{"0":1,"1":2,"2":2,"3":1,"4":2,"5":3,"6":1},"b":{"0":[1,1]},"_coverageSchema":"1a1c01bbd47fc00a2c39e90264f33305004495a9","hash":"92a3d511feab2fded9d5512818093014f41512d8"}
,"C:\\Desktop\\ESPE\\6-7 level\\Pruebas\\202550_Pruebas_Software_Grupo4\\Proyecto_P1\\holistica-backend\\utils\\errorHandler.js": {"path":"C:\\Desktop\\ESPE\\6-7 level\\Pruebas\\202550_Pruebas_Software_Grupo4\\Proyecto_P1\\holistica-backend\\utils\\errorHandler.js","statementMap":{"0":{"start":{"line":3,"column":4},"end":{"line":3,"column":19}},"1":{"start":{"line":4,"column":4},"end":{"line":4,"column":33}},"2":{"start":{"line":5,"column":4},"end":{"line":5,"column":69}},"3":{"start":{"line":6,"column":4},"end":{"line":6,"column":30}},"4":{"start":{"line":8,"column":4},"end":{"line":8,"column":52}},"5":{"start":{"line":12,"column":30},"end":{"line":16,"column":1}},"6":{"start":{"line":13,"column":17},"end":{"line":13,"column":64}},"7":{"start":{"line":13,"column":53},"end":{"line":13,"column":63}},"8":{"start":{"line":14,"column":18},"end":{"line":14,"column":57}},"9":{"start":{"line":15,"column":2},"end":{"line":15,"column":36}},"10":{"start":{"line":18,"column":32},"end":{"line":22,"column":1}},"11":{"start":{"line":19,"column":16},"end":{"line":19,"column":55}},"12":{"start":{"line":20,"column":18},"end":{"line":20,"column":71}},"13":{"start":{"line":21,"column":2},"end":{"line":21,"column":36}},"14":{"start":{"line":24,"column":23},"end":{"line":24,"column":100}},"15":{"start":{"line":24,"column":29},"end":{"line":24,"column":100}},"16":{"start":{"line":26,"column":30},"end":{"line":26,"column":113}},"17":{"start":{"line":26,"column":36},"end":{"line":26,"column":113}},"18":{"start":{"line":28,"column":21},"end":{"line":35,"column":1}},"19":{"start":{"line":29,"column":2},"end":{"line":34,"column":5}},"20":{"start":{"line":37,"column":22},"end":{"line":53,"column":1}},"21":{"start":{"line":39,"column":2},"end":{"line":52,"column":3}},"22":{"start":{"line":40,"column":4},"end":{"line":43,"column":7}},"23":{"start":{"line":47,"column":4},"end":{"line":47,"column":35}},"24":{"start":{"line":48,"column":4},"end":{"line":51,"column":7}},"25":{"start":{"line":55,"column":24},"end":{"line":58,"column":1}},"26":{"start":{"line":56,"column":16},"end":{"line":56,"column":79}},"27":{"start":{"line":57,"column":2},"end":{"line":57,"column":14}},"28":{"start":{"line":60,"column":27},"end":{"line":77,"column":1}},"29":{"start":{"line":61,"column":2},"end":{"line":61,"column":41}},"30":{"start":{"line":62,"column":2},"end":{"line":62,"column":37}},"31":{"start":{"line":64,"column":2},"end":{"line":76,"column":3}},"32":{"start":{"line":65,"column":4},"end":{"line":65,"column":27}},"33":{"start":{"line":66,"column":9},"end":{"line":76,"column":3}},"34":{"start":{"line":67,"column":16},"end":{"line":67,"column":26}},"35":{"start":{"line":68,"column":4},"end":{"line":68,"column":32}},"36":{"start":{"line":70,"column":4},"end":{"line":70,"column":79}},"37":{"start":{"line":70,"column":42},"end":{"line":70,"column":79}},"38":{"start":{"line":71,"column":4},"end":{"line":71,"column":69}},"39":{"start":{"line":71,"column":30},"end":{"line":71,"column":69}},"40":{"start":{"line":72,"column":4},"end":{"line":72,"column":69}},"41":{"start":{"line":72,"column":44},"end":{"line":72,"column":69}},"42":{"start":{"line":73,"column":4},"end":{"line":73,"column":76}},"43":{"start":{"line":73,"column":44},"end":{"line":73,"column":76}},"44":{"start":{"line":75,"column":4},"end":{"line":75,"column":30}},"45":{"start":{"line":79,"column":0},"end":{"line":83,"column":2}}},"fnMap":{"0":{"name":"(anonymous_0)","decl":{"start":{"line":2,"column":2},"end":{"line":2,"column":3}},"loc":{"start":{"line":2,"column":35},"end":{"line":9,"column":3}},"line":2},"1":{"name":"(anonymous_1)","decl":{"start":{"line":12,"column":30},"end":{"line":12,"column":31}},"loc":{"start":{"line":12,"column":39},"end":{"line":16,"column":1}},"line":12},"2":{"name":"(anonymous_2)","decl":{"start":{"line":13,"column":47},"end":{"line":13,"column":48}},"loc":{"start":{"line":13,"column":53},"end":{"line":13,"column":63}},"line":13},"3":{"name":"(anonymous_3)","decl":{"start":{"line":18,"column":32},"end":{"line":18,"column":33}},"loc":{"start":{"line":18,"column":41},"end":{"line":22,"column":1}},"line":18},"4":{"name":"(anonymous_4)","decl":{"start":{"line":24,"column":23},"end":{"line":24,"column":24}},"loc":{"start":{"line":24,"column":29},"end":{"line":24,"column":100}},"line":24},"5":{"name":"(anonymous_5)","decl":{"start":{"line":26,"column":30},"end":{"line":26,"column":31}},"loc":{"start":{"line":26,"column":36},"end":{"line":26,"column":113}},"line":26},"6":{"name":"(anonymous_6)","decl":{"start":{"line":28,"column":21},"end":{"line":28,"column":22}},"loc":{"start":{"line":28,"column":35},"end":{"line":35,"column":1}},"line":28},"7":{"name":"(anonymous_7)","decl":{"start":{"line":37,"column":22},"end":{"line":37,"column":23}},"loc":{"start":{"line":37,"column":36},"end":{"line":53,"column":1}},"line":37},"8":{"name":"(anonymous_8)","decl":{"start":{"line":55,"column":24},"end":{"line":55,"column":25}},"loc":{"start":{"line":55,"column":44},"end":{"line":58,"column":1}},"line":55},"9":{"name":"(anonymous_9)","decl":{"start":{"line":60,"column":27},"end":{"line":60,"column":28}},"loc":{"start":{"line":60,"column":52},"end":{"line":77,"column":1}},"line":60}},"branchMap":{"0":{"loc":{"start":{"line":5,"column":18},"end":{"line":5,"column":68}},"type":"cond-expr","locations":[{"start":{"line":5,"column":52},"end":{"line":5,"column":58}},{"start":{"line":5,"column":61},"end":{"line":5,"column":68}}],"line":5},"1":{"loc":{"start":{"line":39,"column":2},"end":{"line":52,"column":3}},"type":"if","locations":[{"start":{"line":39,"column":2},"end":{"line":52,"column":3}},{"start":{"line":46,"column":7},"end":{"line":52,"column":3}}],"line":39},"2":{"loc":{"start":{"line":61,"column":19},"end":{"line":61,"column":40}},"type":"binary-expr","locations":[{"start":{"line":61,"column":19},"end":{"line":61,"column":33}},{"start":{"line":61,"column":37},"end":{"line":61,"column":40}}],"line":61},"3":{"loc":{"start":{"line":62,"column":15},"end":{"line":62,"column":36}},"type":"binary-expr","locations":[{"start":{"line":62,"column":15},"end":{"line":62,"column":25}},{"start":{"line":62,"column":29},"end":{"line":62,"column":36}}],"line":62},"4":{"loc":{"start":{"line":64,"column":2},"end":{"line":76,"column":3}},"type":"if","locations":[{"start":{"line":64,"column":2},"end":{"line":76,"column":3}},{"start":{"line":66,"column":9},"end":{"line":76,"column":3}}],"line":64},"5":{"loc":{"start":{"line":66,"column":9},"end":{"line":76,"column":3}},"type":"if","locations":[{"start":{"line":66,"column":9},"end":{"line":76,"column":3}},{"start":{},"end":{}}],"line":66},"6":{"loc":{"start":{"line":70,"column":4},"end":{"line":70,"column":79}},"type":"if","locations":[{"start":{"line":70,"column":4},"end":{"line":70,"column":79}},{"start":{},"end":{}}],"line":70},"7":{"loc":{"start":{"line":71,"column":4},"end":{"line":71,"column":69}},"type":"if","locations":[{"start":{"line":71,"column":4},"end":{"line":71,"column":69}},{"start":{},"end":{}}],"line":71},"8":{"loc":{"start":{"line":72,"column":4},"end":{"line":72,"column":69}},"type":"if","locations":[{"start":{"line":72,"column":4},"end":{"line":72,"column":69}},{"start":{},"end":{}}],"line":72},"9":{"loc":{"start":{"line":73,"column":4},"end":{"line":73,"column":76}},"type":"if","locations":[{"start":{"line":73,"column":4},"end":{"line":73,"column":76}},{"start":{},"end":{}}],"line":73}},"s":{"0":7,"1":7,"2":7,"3":7,"4":7,"5":1,"6":0,"7":0,"8":0,"9":0,"10":1,"11":0,"12":0,"13":0,"14":1,"15":1,"16":1,"17":1,"18":1,"19":1,"20":1,"21":4,"22":3,"23":1,"24":1,"25":1,"26":1,"27":1,"28":1,"29":5,"30":5,"31":5,"32":1,"33":4,"34":4,"35":4,"36":4,"37":0,"38":4,"39":0,"40":4,"41":1,"42":4,"43":1,"44":4,"45":1},"f":{"0":7,"1":0,"2":0,"3":0,"4":1,"5":1,"6":1,"7":4,"8":1,"9":5},"b":{"0":[6,1],"1":[3,1],"2":[5,3],"3":[5,3],"4":[1,4],"5":[4,0],"6":[0,4],"7":[0,4],"8":[1,3],"9":[1,3]},"_coverageSchema":"1a1c01bbd47fc00a2c39e90264f33305004495a9","hash":"4ad5a17b4c1262bc2dcb2664ff8066474533e386"}
}
