{"C:\\Desktop\\ESPE\\6-7 level\\Pruebas\\202550_Pruebas_Software_Grupo4\\Proyecto_P1\\holistica-backend\\app.js": {"path":"C:\\Desktop\\ESPE\\6-7 level\\Pruebas\\202550_Pruebas_Software_Grupo4\\Proyecto_P1\\holistica-backend\\app.js","statementMap":{"0":{"start":{"line":1,"column":16},"end":{"line":1,"column":34}},"1":{"start":{"line":2,"column":19},"end":{"line":2,"column":41}},"2":{"start":{"line":3,"column":13},"end":{"line":3,"column":28}},"3":{"start":{"line":4,"column":0},"end":{"line":4,"column":24}},"4":{"start":{"line":7,"column":15},"end":{"line":7,"column":40}},"5":{"start":{"line":8,"column":48},"end":{"line":8,"column":79}},"6":{"start":{"line":9,"column":13},"end":{"line":9,"column":35}},"7":{"start":{"line":12,"column":19},"end":{"line":12,"column":50}},"8":{"start":{"line":13,"column":19},"end":{"line":13,"column":50}},"9":{"start":{"line":14,"column":21},"end":{"line":14,"column":54}},"10":{"start":{"line":15,"column":22},"end":{"line":15,"column":56}},"11":{"start":{"line":16,"column":25},"end":{"line":16,"column":62}},"12":{"start":{"line":17,"column":21},"end":{"line":17,"column":54}},"13":{"start":{"line":18,"column":20},"end":{"line":18,"column":52}},"14":{"start":{"line":19,"column":23},"end":{"line":19,"column":58}},"15":{"start":{"line":21,"column":12},"end":{"line":21,"column":21}},"16":{"start":{"line":22,"column":0},"end":{"line":22,"column":28}},"17":{"start":{"line":25,"column":20},"end":{"line":29,"column":1}},"18":{"start":{"line":32,"column":0},"end":{"line":32,"column":27}},"19":{"start":{"line":33,"column":0},"end":{"line":33,"column":44}},"20":{"start":{"line":34,"column":0},"end":{"line":34,"column":66}},"21":{"start":{"line":37,"column":0},"end":{"line":37,"column":40}},"22":{"start":{"line":40,"column":0},"end":{"line":47,"column":3}},"23":{"start":{"line":41,"column":2},"end":{"line":46,"column":5}},"24":{"start":{"line":50,"column":0},"end":{"line":68,"column":3}},"25":{"start":{"line":51,"column":2},"end":{"line":67,"column":3}},"26":{"start":{"line":52,"column":19},"end":{"line":52,"column":55}},"27":{"start":{"line":53,"column":4},"end":{"line":58,"column":7}},"28":{"start":{"line":60,"column":4},"end":{"line":60,"column":75}},"29":{"start":{"line":61,"column":4},"end":{"line":66,"column":7}},"30":{"start":{"line":71,"column":0},"end":{"line":71,"column":33}},"31":{"start":{"line":72,"column":0},"end":{"line":72,"column":34}},"32":{"start":{"line":73,"column":0},"end":{"line":73,"column":38}},"33":{"start":{"line":74,"column":0},"end":{"line":74,"column":40}},"34":{"start":{"line":75,"column":0},"end":{"line":75,"column":46}},"35":{"start":{"line":76,"column":0},"end":{"line":76,"column":38}},"36":{"start":{"line":77,"column":0},"end":{"line":77,"column":35}},"37":{"start":{"line":78,"column":0},"end":{"line":78,"column":42}},"38":{"start":{"line":81,"column":0},"end":{"line":98,"column":3}},"39":{"start":{"line":82,"column":2},"end":{"line":97,"column":5}},"40":{"start":{"line":101,"column":0},"end":{"line":101,"column":25}},"41":{"start":{"line":104,"column":0},"end":{"line":104,"column":28}},"42":{"start":{"line":107,"column":0},"end":{"line":110,"column":3}},"43":{"start":{"line":108,"column":2},"end":{"line":108,"column":88}},"44":{"start":{"line":109,"column":2},"end":{"line":109,"column":18}},"45":{"start":{"line":112,"column":0},"end":{"line":115,"column":3}},"46":{"start":{"line":113,"column":2},"end":{"line":113,"column":79}},"47":{"start":{"line":114,"column":2},"end":{"line":114,"column":18}},"48":{"start":{"line":117,"column":0},"end":{"line":117,"column":21}}},"fnMap":{"0":{"name":"(anonymous_0)","decl":{"start":{"line":40,"column":19},"end":{"line":40,"column":20}},"loc":{"start":{"line":40,"column":33},"end":{"line":47,"column":1}},"line":40},"1":{"name":"(anonymous_1)","decl":{"start":{"line":50,"column":22},"end":{"line":50,"column":23}},"loc":{"start":{"line":50,"column":42},"end":{"line":68,"column":1}},"line":50},"2":{"name":"(anonymous_2)","decl":{"start":{"line":81,"column":13},"end":{"line":81,"column":14}},"loc":{"start":{"line":81,"column":27},"end":{"line":98,"column":1}},"line":81},"3":{"name":"(anonymous_3)","decl":{"start":{"line":107,"column":33},"end":{"line":107,"column":34}},"loc":{"start":{"line":107,"column":42},"end":{"line":110,"column":1}},"line":107},"4":{"name":"(anonymous_4)","decl":{"start":{"line":112,"column":32},"end":{"line":112,"column":33}},"loc":{"start":{"line":112,"column":41},"end":{"line":115,"column":1}},"line":112}},"branchMap":{"0":{"loc":{"start":{"line":26,"column":10},"end":{"line":26,"column":61}},"type":"binary-expr","locations":[{"start":{"line":26,"column":10},"end":{"line":26,"column":34}},{"start":{"line":26,"column":38},"end":{"line":26,"column":61}}],"line":26},"1":{"loc":{"start":{"line":45,"column":17},"end":{"line":45,"column":54}},"type":"binary-expr","locations":[{"start":{"line":45,"column":17},"end":{"line":45,"column":37}},{"start":{"line":45,"column":41},"end":{"line":45,"column":54}}],"line":45}},"s":{"0":11,"1":11,"2":11,"3":11,"4":11,"5":11,"6":11,"7":11,"8":11,"9":11,"10":11,"11":11,"12":11,"13":11,"14":11,"15":11,"16":11,"17":11,"18":11,"19":11,"20":11,"21":11,"22":11,"23":1,"24":11,"25":0,"26":0,"27":0,"28":0,"29":0,"30":11,"31":11,"32":11,"33":11,"34":11,"35":11,"36":11,"37":11,"38":11,"39":0,"40":11,"41":11,"42":11,"43":0,"44":0,"45":11,"46":0,"47":0,"48":11},"f":{"0":1,"1":0,"2":0,"3":0,"4":0},"b":{"0":[11,0],"1":[1,0]},"_coverageSchema":"1a1c01bbd47fc00a2c39e90264f33305004495a9","hash":"24d81dd945755d38b0018669210de8cf8b9387d5"}
,"C:\\Desktop\\ESPE\\6-7 level\\Pruebas\\202550_Pruebas_Software_Grupo4\\Proyecto_P1\\holistica-backend\\config\\db.js": {"path":"C:\\Desktop\\ESPE\\6-7 level\\Pruebas\\202550_Pruebas_Software_Grupo4\\Proyecto_P1\\holistica-backend\\config\\db.js","statementMap":{"0":{"start":{"line":1,"column":14},"end":{"line":1,"column":39}},"1":{"start":{"line":2,"column":0},"end":{"line":2,"column":27}},"2":{"start":{"line":4,"column":19},"end":{"line":16,"column":1}},"3":{"start":{"line":18,"column":13},"end":{"line":18,"column":41}},"4":{"start":{"line":21,"column":0},"end":{"line":27,"column":7}},"5":{"start":{"line":23,"column":8},"end":{"line":23,"column":29}},"6":{"start":{"line":29,"column":0},"end":{"line":29,"column":22}}},"fnMap":{"0":{"name":"(anonymous_0)","decl":{"start":{"line":22,"column":10},"end":{"line":22,"column":11}},"loc":{"start":{"line":22,"column":24},"end":{"line":24,"column":5}},"line":22},"1":{"name":"(anonymous_1)","decl":{"start":{"line":25,"column":11},"end":{"line":25,"column":12}},"loc":{"start":{"line":25,"column":20},"end":{"line":27,"column":5}},"line":25}},"branchMap":{},"s":{"0":11,"1":11,"2":11,"3":11,"4":11,"5":8,"6":11},"f":{"0":8,"1":0},"b":{},"_coverageSchema":"1a1c01bbd47fc00a2c39e90264f33305004495a9","hash":"9a72df74d9f71407b306bc54e8593c1bf48fc86e"}
,"C:\\Desktop\\ESPE\\6-7 level\\Pruebas\\202550_Pruebas_Software_Grupo4\\Proyecto_P1\\holistica-backend\\config\\env.js": {"path":"C:\\Desktop\\ESPE\\6-7 level\\Pruebas\\202550_Pruebas_Software_Grupo4\\Proyecto_P1\\holistica-backend\\config\\env.js","statementMap":{"0":{"start":{"line":1,"column":0},"end":{"line":1,"column":27}},"1":{"start":{"line":3,"column":15},"end":{"line":20,"column":1}},"2":{"start":{"line":23,"column":24},"end":{"line":29,"column":1}},"3":{"start":{"line":31,"column":23},"end":{"line":31,"column":72}},"4":{"start":{"line":31,"column":56},"end":{"line":31,"column":71}},"5":{"start":{"line":33,"column":0},"end":{"line":36,"column":1}},"6":{"start":{"line":34,"column":4},"end":{"line":34,"column":90}},"7":{"start":{"line":35,"column":4},"end":{"line":35,"column":20}},"8":{"start":{"line":38,"column":0},"end":{"line":38,"column":24}}},"fnMap":{"0":{"name":"(anonymous_0)","decl":{"start":{"line":31,"column":46},"end":{"line":31,"column":47}},"loc":{"start":{"line":31,"column":56},"end":{"line":31,"column":71}},"line":31}},"branchMap":{"0":{"loc":{"start":{"line":5,"column":10},"end":{"line":5,"column":34}},"type":"binary-expr","locations":[{"start":{"line":5,"column":10},"end":{"line":5,"column":26}},{"start":{"line":5,"column":30},"end":{"line":5,"column":34}}],"line":5},"1":{"loc":{"start":{"line":11,"column":16},"end":{"line":11,"column":46}},"type":"binary-expr","locations":[{"start":{"line":11,"column":16},"end":{"line":11,"column":38}},{"start":{"line":11,"column":42},"end":{"line":11,"column":46}}],"line":11},"2":{"loc":{"start":{"line":16,"column":16},"end":{"line":16,"column":47}},"type":"binary-expr","locations":[{"start":{"line":16,"column":16},"end":{"line":16,"column":38}},{"start":{"line":16,"column":42},"end":{"line":16,"column":47}}],"line":16},"3":{"loc":{"start":{"line":19,"column":18},"end":{"line":19,"column":69}},"type":"binary-expr","locations":[{"start":{"line":19,"column":18},"end":{"line":19,"column":42}},{"start":{"line":19,"column":46},"end":{"line":19,"column":69}}],"line":19},"4":{"loc":{"start":{"line":33,"column":0},"end":{"line":36,"column":1}},"type":"if","locations":[{"start":{"line":33,"column":0},"end":{"line":36,"column":1}},{"start":{},"end":{}}],"line":33}},"s":{"0":12,"1":12,"2":12,"3":12,"4":60,"5":12,"6":0,"7":0,"8":12},"f":{"0":60},"b":{"0":[12,0],"1":[12,0],"2":[12,12],"3":[12,0],"4":[0,12]},"_coverageSchema":"1a1c01bbd47fc00a2c39e90264f33305004495a9","hash":"9674dab3a65f462dad6757a9af2dcae8d9fb4866"}
,"C:\\Desktop\\ESPE\\6-7 level\\Pruebas\\202550_Pruebas_Software_Grupo4\\Proyecto_P1\\holistica-backend\\controllers\\admin.controller.js": {"path":"C:\\Desktop\\ESPE\\6-7 level\\Pruebas\\202550_Pruebas_Software_Grupo4\\Proyecto_P1\\holistica-backend\\controllers\\admin.controller.js","statementMap":{"0":{"start":{"line":1,"column":24},"end":{"line":1,"column":61}},"1":{"start":{"line":2,"column":20},"end":{"line":2,"column":53}},"2":{"start":{"line":4,"column":22},"end":{"line":28,"column":1}},"3":{"start":{"line":5,"column":4},"end":{"line":27,"column":5}},"4":{"start":{"line":6,"column":48},"end":{"line":6,"column":56}},"5":{"start":{"line":9,"column":23},"end":{"line":9,"column":60}},"6":{"start":{"line":10,"column":8},"end":{"line":12,"column":9}},"7":{"start":{"line":11,"column":12},"end":{"line":11,"column":74}},"8":{"start":{"line":14,"column":26},"end":{"line":19,"column":10}},"9":{"start":{"line":21,"column":8},"end":{"line":24,"column":11}},"10":{"start":{"line":26,"column":8},"end":{"line":26,"column":92}},"11":{"start":{"line":30,"column":22},"end":{"line":40,"column":1}},"12":{"start":{"line":31,"column":4},"end":{"line":39,"column":5}},"13":{"start":{"line":32,"column":23},"end":{"line":32,"column":33}},"14":{"start":{"line":33,"column":37},"end":{"line":33,"column":45}},"15":{"start":{"line":35,"column":8},"end":{"line":35,"column":63}},"16":{"start":{"line":36,"column":8},"end":{"line":36,"column":68}},"17":{"start":{"line":38,"column":8},"end":{"line":38,"column":97}},"18":{"start":{"line":42,"column":22},"end":{"line":51,"column":1}},"19":{"start":{"line":43,"column":4},"end":{"line":50,"column":5}},"20":{"start":{"line":44,"column":23},"end":{"line":44,"column":33}},"21":{"start":{"line":46,"column":8},"end":{"line":46,"column":41}},"22":{"start":{"line":47,"column":8},"end":{"line":47,"column":66}},"23":{"start":{"line":49,"column":8},"end":{"line":49,"column":95}},"24":{"start":{"line":53,"column":25},"end":{"line":63,"column":1}},"25":{"start":{"line":54,"column":4},"end":{"line":62,"column":5}},"26":{"start":{"line":55,"column":29},"end":{"line":55,"column":39}},"27":{"start":{"line":58,"column":24},"end":{"line":58,"column":68}},"28":{"start":{"line":59,"column":8},"end":{"line":59,"column":26}},"29":{"start":{"line":61,"column":8},"end":{"line":61,"column":94}},"30":{"start":{"line":65,"column":0},"end":{"line":70,"column":2}}},"fnMap":{"0":{"name":"(anonymous_0)","decl":{"start":{"line":4,"column":22},"end":{"line":4,"column":23}},"loc":{"start":{"line":4,"column":42},"end":{"line":28,"column":1}},"line":4},"1":{"name":"(anonymous_1)","decl":{"start":{"line":30,"column":22},"end":{"line":30,"column":23}},"loc":{"start":{"line":30,"column":42},"end":{"line":40,"column":1}},"line":30},"2":{"name":"(anonymous_2)","decl":{"start":{"line":42,"column":22},"end":{"line":42,"column":23}},"loc":{"start":{"line":42,"column":42},"end":{"line":51,"column":1}},"line":42},"3":{"name":"(anonymous_3)","decl":{"start":{"line":53,"column":25},"end":{"line":53,"column":26}},"loc":{"start":{"line":53,"column":45},"end":{"line":63,"column":1}},"line":53}},"branchMap":{"0":{"loc":{"start":{"line":10,"column":8},"end":{"line":12,"column":9}},"type":"if","locations":[{"start":{"line":10,"column":8},"end":{"line":12,"column":9}},{"start":{},"end":{}}],"line":10}},"s":{"0":11,"1":11,"2":11,"3":0,"4":0,"5":0,"6":0,"7":0,"8":0,"9":0,"10":0,"11":11,"12":0,"13":0,"14":0,"15":0,"16":0,"17":0,"18":11,"19":0,"20":0,"21":0,"22":0,"23":0,"24":11,"25":0,"26":0,"27":0,"28":0,"29":0,"30":11},"f":{"0":0,"1":0,"2":0,"3":0},"b":{"0":[0,0]},"_coverageSchema":"1a1c01bbd47fc00a2c39e90264f33305004495a9","hash":"2630ad7807bc60256f12ef38ed481aef33ea60a5"}
,"C:\\Desktop\\ESPE\\6-7 level\\Pruebas\\202550_Pruebas_Software_Grupo4\\Proyecto_P1\\holistica-backend\\controllers\\auth.controller.js": {"path":"C:\\Desktop\\ESPE\\6-7 level\\Pruebas\\202550_Pruebas_Software_Grupo4\\Proyecto_P1\\holistica-backend\\controllers\\auth.controller.js","statementMap":{"0":{"start":{"line":1,"column":15},"end":{"line":1,"column":32}},"1":{"start":{"line":2,"column":12},"end":{"line":2,"column":35}},"2":{"start":{"line":3,"column":18},"end":{"line":3,"column":49}},"3":{"start":{"line":5,"column":17},"end":{"line":30,"column":1}},"4":{"start":{"line":6,"column":4},"end":{"line":29,"column":5}},"5":{"start":{"line":7,"column":86},"end":{"line":7,"column":94}},"6":{"start":{"line":10,"column":29},"end":{"line":10,"column":63}},"7":{"start":{"line":11,"column":8},"end":{"line":13,"column":9}},"8":{"start":{"line":12,"column":12},"end":{"line":12,"column":82}},"9":{"start":{"line":16,"column":30},"end":{"line":16,"column":61}},"10":{"start":{"line":19,"column":23},"end":{"line":21,"column":10}},"11":{"start":{"line":23,"column":8},"end":{"line":26,"column":11}},"12":{"start":{"line":28,"column":8},"end":{"line":28,"column":94}},"13":{"start":{"line":32,"column":14},"end":{"line":68,"column":1}},"14":{"start":{"line":33,"column":4},"end":{"line":67,"column":5}},"15":{"start":{"line":34,"column":36},"end":{"line":34,"column":44}},"16":{"start":{"line":37,"column":21},"end":{"line":37,"column":55}},"17":{"start":{"line":38,"column":8},"end":{"line":40,"column":9}},"18":{"start":{"line":39,"column":12},"end":{"line":39,"column":77}},"19":{"start":{"line":43,"column":30},"end":{"line":43,"column":80}},"20":{"start":{"line":44,"column":8},"end":{"line":46,"column":9}},"21":{"start":{"line":45,"column":12},"end":{"line":45,"column":77}},"22":{"start":{"line":49,"column":22},"end":{"line":53,"column":9}},"23":{"start":{"line":55,"column":8},"end":{"line":64,"column":11}},"24":{"start":{"line":66,"column":8},"end":{"line":66,"column":91}},"25":{"start":{"line":70,"column":15},"end":{"line":77,"column":1}},"26":{"start":{"line":71,"column":4},"end":{"line":76,"column":5}},"27":{"start":{"line":73,"column":8},"end":{"line":73,"column":61}},"28":{"start":{"line":75,"column":8},"end":{"line":75,"column":90}},"29":{"start":{"line":79,"column":22},"end":{"line":93,"column":1}},"30":{"start":{"line":80,"column":4},"end":{"line":92,"column":5}},"31":{"start":{"line":81,"column":26},"end":{"line":81,"column":34}},"32":{"start":{"line":83,"column":21},"end":{"line":83,"column":55}},"33":{"start":{"line":84,"column":8},"end":{"line":86,"column":9}},"34":{"start":{"line":85,"column":12},"end":{"line":85,"column":76}},"35":{"start":{"line":89,"column":8},"end":{"line":89,"column":77}},"36":{"start":{"line":91,"column":8},"end":{"line":91,"column":106}},"37":{"start":{"line":95,"column":0},"end":{"line":100,"column":2}}},"fnMap":{"0":{"name":"(anonymous_0)","decl":{"start":{"line":5,"column":17},"end":{"line":5,"column":18}},"loc":{"start":{"line":5,"column":37},"end":{"line":30,"column":1}},"line":5},"1":{"name":"(anonymous_1)","decl":{"start":{"line":32,"column":14},"end":{"line":32,"column":15}},"loc":{"start":{"line":32,"column":34},"end":{"line":68,"column":1}},"line":32},"2":{"name":"(anonymous_2)","decl":{"start":{"line":70,"column":15},"end":{"line":70,"column":16}},"loc":{"start":{"line":70,"column":35},"end":{"line":77,"column":1}},"line":70},"3":{"name":"(anonymous_3)","decl":{"start":{"line":79,"column":22},"end":{"line":79,"column":23}},"loc":{"start":{"line":79,"column":42},"end":{"line":93,"column":1}},"line":79}},"branchMap":{"0":{"loc":{"start":{"line":7,"column":70},"end":{"line":7,"column":81}},"type":"default-arg","locations":[{"start":{"line":7,"column":80},"end":{"line":7,"column":81}}],"line":7},"1":{"loc":{"start":{"line":11,"column":8},"end":{"line":13,"column":9}},"type":"if","locations":[{"start":{"line":11,"column":8},"end":{"line":13,"column":9}},{"start":{},"end":{}}],"line":11},"2":{"loc":{"start":{"line":38,"column":8},"end":{"line":40,"column":9}},"type":"if","locations":[{"start":{"line":38,"column":8},"end":{"line":40,"column":9}},{"start":{},"end":{}}],"line":38},"3":{"loc":{"start":{"line":44,"column":8},"end":{"line":46,"column":9}},"type":"if","locations":[{"start":{"line":44,"column":8},"end":{"line":46,"column":9}},{"start":{},"end":{}}],"line":44},"4":{"loc":{"start":{"line":84,"column":8},"end":{"line":86,"column":9}},"type":"if","locations":[{"start":{"line":84,"column":8},"end":{"line":86,"column":9}},{"start":{},"end":{}}],"line":84}},"s":{"0":11,"1":11,"2":11,"3":11,"4":0,"5":0,"6":0,"7":0,"8":0,"9":0,"10":0,"11":0,"12":0,"13":11,"14":8,"15":8,"16":8,"17":8,"18":0,"19":8,"20":8,"21":1,"22":7,"23":7,"24":0,"25":11,"26":2,"27":2,"28":0,"29":11,"30":1,"31":1,"32":1,"33":1,"34":0,"35":1,"36":0,"37":11},"f":{"0":0,"1":8,"2":2,"3":1},"b":{"0":[0],"1":[0,0],"2":[0,8],"3":[1,7],"4":[0,1]},"_coverageSchema":"1a1c01bbd47fc00a2c39e90264f33305004495a9","hash":"5ab21e5b3ef8db5f52f5ea0cfcfef06e38f8bb2c"}
,"C:\\Desktop\\ESPE\\6-7 level\\Pruebas\\202550_Pruebas_Software_Grupo4\\Proyecto_P1\\holistica-backend\\controllers\\course.controller.js": {"path":"C:\\Desktop\\ESPE\\6-7 level\\Pruebas\\202550_Pruebas_Software_Grupo4\\Proyecto_P1\\holistica-backend\\controllers\\course.controller.js","statementMap":{"0":{"start":{"line":1,"column":20},"end":{"line":1,"column":53}},"1":{"start":{"line":3,"column":22},"end":{"line":10,"column":1}},"2":{"start":{"line":4,"column":4},"end":{"line":9,"column":5}},"3":{"start":{"line":5,"column":24},"end":{"line":5,"column":51}},"4":{"start":{"line":6,"column":8},"end":{"line":6,"column":26}},"5":{"start":{"line":8,"column":8},"end":{"line":8,"column":91}},"6":{"start":{"line":12,"column":22},"end":{"line":25,"column":1}},"7":{"start":{"line":13,"column":4},"end":{"line":24,"column":5}},"8":{"start":{"line":14,"column":23},"end":{"line":14,"column":33}},"9":{"start":{"line":15,"column":23},"end":{"line":15,"column":53}},"10":{"start":{"line":17,"column":8},"end":{"line":19,"column":9}},"11":{"start":{"line":18,"column":12},"end":{"line":18,"column":74}},"12":{"start":{"line":21,"column":8},"end":{"line":21,"column":25}},"13":{"start":{"line":23,"column":8},"end":{"line":23,"column":90}},"14":{"start":{"line":27,"column":21},"end":{"line":53,"column":1}},"15":{"start":{"line":28,"column":4},"end":{"line":52,"column":5}},"16":{"start":{"line":29,"column":27},"end":{"line":32,"column":9}},"17":{"start":{"line":35,"column":30},"end":{"line":35,"column":32}},"18":{"start":{"line":36,"column":8},"end":{"line":36,"column":59}},"19":{"start":{"line":36,"column":31},"end":{"line":36,"column":59}},"20":{"start":{"line":37,"column":8},"end":{"line":37,"column":71}},"21":{"start":{"line":37,"column":37},"end":{"line":37,"column":71}},"22":{"start":{"line":38,"column":8},"end":{"line":43,"column":9}},"23":{"start":{"line":39,"column":12},"end":{"line":42,"column":15}},"24":{"start":{"line":45,"column":25},"end":{"line":45,"column":61}},"25":{"start":{"line":46,"column":8},"end":{"line":49,"column":11}},"26":{"start":{"line":51,"column":8},"end":{"line":51,"column":88}},"27":{"start":{"line":55,"column":21},"end":{"line":69,"column":1}},"28":{"start":{"line":56,"column":4},"end":{"line":68,"column":5}},"29":{"start":{"line":57,"column":23},"end":{"line":57,"column":33}},"30":{"start":{"line":59,"column":23},"end":{"line":59,"column":53}},"31":{"start":{"line":60,"column":8},"end":{"line":62,"column":9}},"32":{"start":{"line":61,"column":12},"end":{"line":61,"column":74}},"33":{"start":{"line":64,"column":8},"end":{"line":64,"column":47}},"34":{"start":{"line":65,"column":8},"end":{"line":65,"column":64}},"35":{"start":{"line":67,"column":8},"end":{"line":67,"column":93}},"36":{"start":{"line":71,"column":21},"end":{"line":85,"column":1}},"37":{"start":{"line":72,"column":4},"end":{"line":84,"column":5}},"38":{"start":{"line":73,"column":23},"end":{"line":73,"column":33}},"39":{"start":{"line":75,"column":23},"end":{"line":75,"column":53}},"40":{"start":{"line":76,"column":8},"end":{"line":78,"column":9}},"41":{"start":{"line":77,"column":12},"end":{"line":77,"column":74}},"42":{"start":{"line":80,"column":8},"end":{"line":80,"column":37}},"43":{"start":{"line":81,"column":8},"end":{"line":81,"column":62}},"44":{"start":{"line":83,"column":8},"end":{"line":83,"column":91}},"45":{"start":{"line":87,"column":0},"end":{"line":93,"column":2}}},"fnMap":{"0":{"name":"(anonymous_0)","decl":{"start":{"line":3,"column":22},"end":{"line":3,"column":23}},"loc":{"start":{"line":3,"column":42},"end":{"line":10,"column":1}},"line":3},"1":{"name":"(anonymous_1)","decl":{"start":{"line":12,"column":22},"end":{"line":12,"column":23}},"loc":{"start":{"line":12,"column":42},"end":{"line":25,"column":1}},"line":12},"2":{"name":"(anonymous_2)","decl":{"start":{"line":27,"column":21},"end":{"line":27,"column":22}},"loc":{"start":{"line":27,"column":41},"end":{"line":53,"column":1}},"line":27},"3":{"name":"(anonymous_3)","decl":{"start":{"line":55,"column":21},"end":{"line":55,"column":22}},"loc":{"start":{"line":55,"column":41},"end":{"line":69,"column":1}},"line":55},"4":{"name":"(anonymous_4)","decl":{"start":{"line":71,"column":21},"end":{"line":71,"column":22}},"loc":{"start":{"line":71,"column":41},"end":{"line":85,"column":1}},"line":71}},"branchMap":{"0":{"loc":{"start":{"line":17,"column":8},"end":{"line":19,"column":9}},"type":"if","locations":[{"start":{"line":17,"column":8},"end":{"line":19,"column":9}},{"start":{},"end":{}}],"line":17},"1":{"loc":{"start":{"line":36,"column":8},"end":{"line":36,"column":59}},"type":"if","locations":[{"start":{"line":36,"column":8},"end":{"line":36,"column":59}},{"start":{},"end":{}}],"line":36},"2":{"loc":{"start":{"line":37,"column":8},"end":{"line":37,"column":71}},"type":"if","locations":[{"start":{"line":37,"column":8},"end":{"line":37,"column":71}},{"start":{},"end":{}}],"line":37},"3":{"loc":{"start":{"line":38,"column":8},"end":{"line":43,"column":9}},"type":"if","locations":[{"start":{"line":38,"column":8},"end":{"line":43,"column":9}},{"start":{},"end":{}}],"line":38},"4":{"loc":{"start":{"line":60,"column":8},"end":{"line":62,"column":9}},"type":"if","locations":[{"start":{"line":60,"column":8},"end":{"line":62,"column":9}},{"start":{},"end":{}}],"line":60},"5":{"loc":{"start":{"line":76,"column":8},"end":{"line":78,"column":9}},"type":"if","locations":[{"start":{"line":76,"column":8},"end":{"line":78,"column":9}},{"start":{},"end":{}}],"line":76}},"s":{"0":11,"1":11,"2":2,"3":2,"4":2,"5":0,"6":11,"7":3,"8":3,"9":3,"10":3,"11":2,"12":1,"13":0,"14":11,"15":2,"16":2,"17":2,"18":2,"19":1,"20":2,"21":0,"22":2,"23":1,"24":1,"25":1,"26":0,"27":11,"28":1,"29":1,"30":1,"31":1,"32":1,"33":0,"34":0,"35":0,"36":11,"37":1,"38":1,"39":1,"40":1,"41":1,"42":0,"43":0,"44":0,"45":11},"f":{"0":2,"1":3,"2":2,"3":1,"4":1},"b":{"0":[2,1],"1":[1,1],"2":[0,2],"3":[1,1],"4":[1,0],"5":[1,0]},"_coverageSchema":"1a1c01bbd47fc00a2c39e90264f33305004495a9","hash":"099a3c9adc02fb53b54ee628e36f324fc70b2fdb"}
,"C:\\Desktop\\ESPE\\6-7 level\\Pruebas\\202550_Pruebas_Software_Grupo4\\Proyecto_P1\\holistica-backend\\controllers\\enrollment.controller.js": {"path":"C:\\Desktop\\ESPE\\6-7 level\\Pruebas\\202550_Pruebas_Software_Grupo4\\Proyecto_P1\\holistica-backend\\controllers\\enrollment.controller.js","statementMap":{"0":{"start":{"line":1,"column":24},"end":{"line":1,"column":61}},"1":{"start":{"line":2,"column":20},"end":{"line":2,"column":53}},"2":{"start":{"line":4,"column":23},"end":{"line":24,"column":1}},"3":{"start":{"line":5,"column":4},"end":{"line":23,"column":5}},"4":{"start":{"line":6,"column":30},"end":{"line":6,"column":38}},"5":{"start":{"line":7,"column":24},"end":{"line":7,"column":35}},"6":{"start":{"line":10,"column":23},"end":{"line":10,"column":60}},"7":{"start":{"line":11,"column":8},"end":{"line":13,"column":9}},"8":{"start":{"line":12,"column":12},"end":{"line":12,"column":74}},"9":{"start":{"line":15,"column":29},"end":{"line":15,"column":77}},"10":{"start":{"line":16,"column":8},"end":{"line":20,"column":11}},"11":{"start":{"line":22,"column":8},"end":{"line":22,"column":88}},"12":{"start":{"line":26,"column":27},"end":{"line":34,"column":1}},"13":{"start":{"line":27,"column":4},"end":{"line":33,"column":5}},"14":{"start":{"line":28,"column":24},"end":{"line":28,"column":35}},"15":{"start":{"line":29,"column":28},"end":{"line":29,"column":69}},"16":{"start":{"line":30,"column":8},"end":{"line":30,"column":30}},"17":{"start":{"line":32,"column":8},"end":{"line":32,"column":98}},"18":{"start":{"line":36,"column":31},"end":{"line":46,"column":1}},"19":{"start":{"line":37,"column":4},"end":{"line":45,"column":5}},"20":{"start":{"line":38,"column":23},"end":{"line":38,"column":33}},"21":{"start":{"line":39,"column":27},"end":{"line":39,"column":35}},"22":{"start":{"line":41,"column":8},"end":{"line":41,"column":55}},"23":{"start":{"line":42,"column":8},"end":{"line":42,"column":67}},"24":{"start":{"line":44,"column":8},"end":{"line":44,"column":94}},"25":{"start":{"line":48,"column":0},"end":{"line":52,"column":2}}},"fnMap":{"0":{"name":"(anonymous_0)","decl":{"start":{"line":4,"column":23},"end":{"line":4,"column":24}},"loc":{"start":{"line":4,"column":43},"end":{"line":24,"column":1}},"line":4},"1":{"name":"(anonymous_1)","decl":{"start":{"line":26,"column":27},"end":{"line":26,"column":28}},"loc":{"start":{"line":26,"column":47},"end":{"line":34,"column":1}},"line":26},"2":{"name":"(anonymous_2)","decl":{"start":{"line":36,"column":31},"end":{"line":36,"column":32}},"loc":{"start":{"line":36,"column":51},"end":{"line":46,"column":1}},"line":36}},"branchMap":{"0":{"loc":{"start":{"line":11,"column":8},"end":{"line":13,"column":9}},"type":"if","locations":[{"start":{"line":11,"column":8},"end":{"line":13,"column":9}},{"start":{},"end":{}}],"line":11}},"s":{"0":11,"1":11,"2":11,"3":2,"4":2,"5":2,"6":2,"7":2,"8":1,"9":1,"10":1,"11":0,"12":11,"13":1,"14":1,"15":1,"16":1,"17":0,"18":11,"19":0,"20":0,"21":0,"22":0,"23":0,"24":0,"25":11},"f":{"0":2,"1":1,"2":0},"b":{"0":[1,1]},"_coverageSchema":"1a1c01bbd47fc00a2c39e90264f33305004495a9","hash":"caa60d007c874a57e34465f65c7a33f47a706f8a"}
,"C:\\Desktop\\ESPE\\6-7 level\\Pruebas\\202550_Pruebas_Software_Grupo4\\Proyecto_P1\\holistica-backend\\controllers\\payment.controller.js": {"path":"C:\\Desktop\\ESPE\\6-7 level\\Pruebas\\202550_Pruebas_Software_Grupo4\\Proyecto_P1\\holistica-backend\\controllers\\payment.controller.js","statementMap":{"0":{"start":{"line":1,"column":21},"end":{"line":1,"column":55}},"1":{"start":{"line":2,"column":20},"end":{"line":2,"column":53}},"2":{"start":{"line":3,"column":24},"end":{"line":3,"column":61}},"3":{"start":{"line":5,"column":23},"end":{"line":44,"column":1}},"4":{"start":{"line":6,"column":4},"end":{"line":43,"column":5}},"5":{"start":{"line":7,"column":46},"end":{"line":7,"column":54}},"6":{"start":{"line":8,"column":24},"end":{"line":8,"column":35}},"7":{"start":{"line":11,"column":29},"end":{"line":11,"column":99}},"8":{"start":{"line":12,"column":8},"end":{"line":17,"column":9}},"9":{"start":{"line":13,"column":12},"end":{"line":16,"column":15}},"10":{"start":{"line":20,"column":23},"end":{"line":20,"column":60}},"11":{"start":{"line":21,"column":8},"end":{"line":23,"column":9}},"12":{"start":{"line":22,"column":12},"end":{"line":22,"column":74}},"13":{"start":{"line":26,"column":26},"end":{"line":31,"column":10}},"14":{"start":{"line":34,"column":8},"end":{"line":34,"column":69}},"15":{"start":{"line":36,"column":8},"end":{"line":40,"column":11}},"16":{"start":{"line":42,"column":8},"end":{"line":42,"column":90}},"17":{"start":{"line":46,"column":26},"end":{"line":54,"column":1}},"18":{"start":{"line":47,"column":4},"end":{"line":53,"column":5}},"19":{"start":{"line":48,"column":24},"end":{"line":48,"column":35}},"20":{"start":{"line":49,"column":25},"end":{"line":49,"column":63}},"21":{"start":{"line":50,"column":8},"end":{"line":50,"column":27}},"22":{"start":{"line":52,"column":8},"end":{"line":52,"column":103}},"23":{"start":{"line":56,"column":0},"end":{"line":59,"column":2}}},"fnMap":{"0":{"name":"(anonymous_0)","decl":{"start":{"line":5,"column":23},"end":{"line":5,"column":24}},"loc":{"start":{"line":5,"column":43},"end":{"line":44,"column":1}},"line":5},"1":{"name":"(anonymous_1)","decl":{"start":{"line":46,"column":26},"end":{"line":46,"column":27}},"loc":{"start":{"line":46,"column":46},"end":{"line":54,"column":1}},"line":46}},"branchMap":{"0":{"loc":{"start":{"line":12,"column":8},"end":{"line":17,"column":9}},"type":"if","locations":[{"start":{"line":12,"column":8},"end":{"line":17,"column":9}},{"start":{},"end":{}}],"line":12},"1":{"loc":{"start":{"line":21,"column":8},"end":{"line":23,"column":9}},"type":"if","locations":[{"start":{"line":21,"column":8},"end":{"line":23,"column":9}},{"start":{},"end":{}}],"line":21}},"s":{"0":11,"1":11,"2":11,"3":11,"4":2,"5":2,"6":2,"7":2,"8":2,"9":1,"10":1,"11":1,"12":0,"13":1,"14":1,"15":1,"16":0,"17":11,"18":1,"19":1,"20":1,"21":1,"22":0,"23":11},"f":{"0":2,"1":1},"b":{"0":[1,1],"1":[0,1]},"_coverageSchema":"1a1c01bbd47fc00a2c39e90264f33305004495a9","hash":"b8d3bc77b75c5af141b3c480d1840d6aa08b3545"}
,"C:\\Desktop\\ESPE\\6-7 level\\Pruebas\\202550_Pruebas_Software_Grupo4\\Proyecto_P1\\holistica-backend\\controllers\\report.controller.js": {"path":"C:\\Desktop\\ESPE\\6-7 level\\Pruebas\\202550_Pruebas_Software_Grupo4\\Proyecto_P1\\holistica-backend\\controllers\\report.controller.js","statementMap":{"0":{"start":{"line":1,"column":20},"end":{"line":1,"column":53}},"1":{"start":{"line":2,"column":13},"end":{"line":2,"column":36}},"2":{"start":{"line":4,"column":30},"end":{"line":45,"column":1}},"3":{"start":{"line":5,"column":4},"end":{"line":44,"column":5}},"4":{"start":{"line":7,"column":29},"end":{"line":20,"column":6}},"5":{"start":{"line":23,"column":35},"end":{"line":36,"column":6}},"6":{"start":{"line":38,"column":8},"end":{"line":41,"column":11}},"7":{"start":{"line":43,"column":8},"end":{"line":43,"column":93}},"8":{"start":{"line":47,"column":27},"end":{"line":65,"column":1}},"9":{"start":{"line":48,"column":4},"end":{"line":64,"column":5}},"10":{"start":{"line":49,"column":32},"end":{"line":59,"column":6}},"11":{"start":{"line":61,"column":8},"end":{"line":61,"column":32}},"12":{"start":{"line":63,"column":8},"end":{"line":63,"column":103}},"13":{"start":{"line":67,"column":0},"end":{"line":70,"column":2}}},"fnMap":{"0":{"name":"(anonymous_0)","decl":{"start":{"line":4,"column":30},"end":{"line":4,"column":31}},"loc":{"start":{"line":4,"column":50},"end":{"line":45,"column":1}},"line":4},"1":{"name":"(anonymous_1)","decl":{"start":{"line":47,"column":27},"end":{"line":47,"column":28}},"loc":{"start":{"line":47,"column":47},"end":{"line":65,"column":1}},"line":47}},"branchMap":{},"s":{"0":11,"1":11,"2":11,"3":1,"4":1,"5":1,"6":1,"7":0,"8":11,"9":1,"10":1,"11":1,"12":0,"13":11},"f":{"0":1,"1":1},"b":{},"_coverageSchema":"1a1c01bbd47fc00a2c39e90264f33305004495a9","hash":"26a181a546a27c9582efc6ba304c280a5d0c9f0f"}
,"C:\\Desktop\\ESPE\\6-7 level\\Pruebas\\202550_Pruebas_Software_Grupo4\\Proyecto_P1\\holistica-backend\\controllers\\schedule.controller.js": {"path":"C:\\Desktop\\ESPE\\6-7 level\\Pruebas\\202550_Pruebas_Software_Grupo4\\Proyecto_P1\\holistica-backend\\controllers\\schedule.controller.js","statementMap":{"0":{"start":{"line":1,"column":22},"end":{"line":1,"column":57}},"1":{"start":{"line":3,"column":24},"end":{"line":10,"column":1}},"2":{"start":{"line":4,"column":4},"end":{"line":9,"column":5}},"3":{"start":{"line":5,"column":26},"end":{"line":5,"column":55}},"4":{"start":{"line":6,"column":8},"end":{"line":6,"column":28}},"5":{"start":{"line":8,"column":8},"end":{"line":8,"column":93}},"6":{"start":{"line":12,"column":28},"end":{"line":20,"column":1}},"7":{"start":{"line":13,"column":4},"end":{"line":19,"column":5}},"8":{"start":{"line":14,"column":29},"end":{"line":14,"column":39}},"9":{"start":{"line":15,"column":26},"end":{"line":15,"column":68}},"10":{"start":{"line":16,"column":8},"end":{"line":16,"column":28}},"11":{"start":{"line":18,"column":8},"end":{"line":18,"column":103}},"12":{"start":{"line":22,"column":23},"end":{"line":32,"column":1}},"13":{"start":{"line":23,"column":4},"end":{"line":31,"column":5}},"14":{"start":{"line":24,"column":27},"end":{"line":24,"column":63}},"15":{"start":{"line":25,"column":8},"end":{"line":28,"column":11}},"16":{"start":{"line":30,"column":8},"end":{"line":30,"column":90}},"17":{"start":{"line":34,"column":23},"end":{"line":42,"column":1}},"18":{"start":{"line":35,"column":4},"end":{"line":41,"column":5}},"19":{"start":{"line":36,"column":23},"end":{"line":36,"column":33}},"20":{"start":{"line":37,"column":8},"end":{"line":37,"column":49}},"21":{"start":{"line":38,"column":8},"end":{"line":38,"column":66}},"22":{"start":{"line":40,"column":8},"end":{"line":40,"column":95}},"23":{"start":{"line":44,"column":23},"end":{"line":52,"column":1}},"24":{"start":{"line":45,"column":4},"end":{"line":51,"column":5}},"25":{"start":{"line":46,"column":23},"end":{"line":46,"column":33}},"26":{"start":{"line":47,"column":8},"end":{"line":47,"column":39}},"27":{"start":{"line":48,"column":8},"end":{"line":48,"column":64}},"28":{"start":{"line":50,"column":8},"end":{"line":50,"column":93}},"29":{"start":{"line":54,"column":0},"end":{"line":60,"column":2}}},"fnMap":{"0":{"name":"(anonymous_0)","decl":{"start":{"line":3,"column":24},"end":{"line":3,"column":25}},"loc":{"start":{"line":3,"column":44},"end":{"line":10,"column":1}},"line":3},"1":{"name":"(anonymous_1)","decl":{"start":{"line":12,"column":28},"end":{"line":12,"column":29}},"loc":{"start":{"line":12,"column":48},"end":{"line":20,"column":1}},"line":12},"2":{"name":"(anonymous_2)","decl":{"start":{"line":22,"column":23},"end":{"line":22,"column":24}},"loc":{"start":{"line":22,"column":43},"end":{"line":32,"column":1}},"line":22},"3":{"name":"(anonymous_3)","decl":{"start":{"line":34,"column":23},"end":{"line":34,"column":24}},"loc":{"start":{"line":34,"column":43},"end":{"line":42,"column":1}},"line":34},"4":{"name":"(anonymous_4)","decl":{"start":{"line":44,"column":23},"end":{"line":44,"column":24}},"loc":{"start":{"line":44,"column":43},"end":{"line":52,"column":1}},"line":44}},"branchMap":{},"s":{"0":11,"1":11,"2":1,"3":1,"4":1,"5":0,"6":11,"7":1,"8":1,"9":1,"10":1,"11":0,"12":11,"13":1,"14":1,"15":1,"16":0,"17":11,"18":1,"19":1,"20":1,"21":1,"22":0,"23":11,"24":1,"25":1,"26":1,"27":1,"28":0,"29":11},"f":{"0":1,"1":1,"2":1,"3":1,"4":1},"b":{},"_coverageSchema":"1a1c01bbd47fc00a2c39e90264f33305004495a9","hash":"23505cd168a5b33729540433fb0588dc431fcf7a"}
,"C:\\Desktop\\ESPE\\6-7 level\\Pruebas\\202550_Pruebas_Software_Grupo4\\Proyecto_P1\\holistica-backend\\controllers\\user.controller.js": {"path":"C:\\Desktop\\ESPE\\6-7 level\\Pruebas\\202550_Pruebas_Software_Grupo4\\Proyecto_P1\\holistica-backend\\controllers\\user.controller.js","statementMap":{"0":{"start":{"line":1,"column":18},"end":{"line":1,"column":49}},"1":{"start":{"line":2,"column":15},"end":{"line":2,"column":32}},"2":{"start":{"line":4,"column":19},"end":{"line":19,"column":1}},"3":{"start":{"line":5,"column":2},"end":{"line":18,"column":3}},"4":{"start":{"line":6,"column":19},"end":{"line":6,"column":30}},"5":{"start":{"line":7,"column":17},"end":{"line":7,"column":49}},"6":{"start":{"line":9,"column":4},"end":{"line":11,"column":5}},"7":{"start":{"line":10,"column":6},"end":{"line":10,"column":70}},"8":{"start":{"line":14,"column":46},"end":{"line":14,"column":50}},"9":{"start":{"line":15,"column":4},"end":{"line":15,"column":26}},"10":{"start":{"line":17,"column":4},"end":{"line":17,"column":87}},"11":{"start":{"line":21,"column":22},"end":{"line":43,"column":1}},"12":{"start":{"line":22,"column":2},"end":{"line":42,"column":3}},"13":{"start":{"line":23,"column":19},"end":{"line":23,"column":30}},"14":{"start":{"line":24,"column":23},"end":{"line":24,"column":37}},"15":{"start":{"line":27,"column":4},"end":{"line":29,"column":5}},"16":{"start":{"line":28,"column":6},"end":{"line":28,"column":91}},"17":{"start":{"line":32,"column":84},"end":{"line":32,"column":94}},"18":{"start":{"line":34,"column":4},"end":{"line":36,"column":5}},"19":{"start":{"line":35,"column":6},"end":{"line":35,"column":100}},"20":{"start":{"line":38,"column":4},"end":{"line":38,"column":51}},"21":{"start":{"line":39,"column":4},"end":{"line":39,"column":61}},"22":{"start":{"line":41,"column":4},"end":{"line":41,"column":90}},"23":{"start":{"line":45,"column":20},"end":{"line":57,"column":1}},"24":{"start":{"line":46,"column":2},"end":{"line":56,"column":3}},"25":{"start":{"line":47,"column":18},"end":{"line":47,"column":43}},"26":{"start":{"line":49,"column":22},"end":{"line":52,"column":6}},"27":{"start":{"line":50,"column":45},"end":{"line":50,"column":49}},"28":{"start":{"line":51,"column":6},"end":{"line":51,"column":22}},"29":{"start":{"line":53,"column":4},"end":{"line":53,"column":24}},"30":{"start":{"line":55,"column":4},"end":{"line":55,"column":89}},"31":{"start":{"line":59,"column":19},"end":{"line":89,"column":1}},"32":{"start":{"line":60,"column":2},"end":{"line":88,"column":3}},"33":{"start":{"line":61,"column":82},"end":{"line":61,"column":90}},"34":{"start":{"line":64,"column":4},"end":{"line":66,"column":5}},"35":{"start":{"line":65,"column":6},"end":{"line":65,"column":106}},"36":{"start":{"line":69,"column":25},"end":{"line":69,"column":59}},"37":{"start":{"line":70,"column":4},"end":{"line":72,"column":5}},"38":{"start":{"line":71,"column":6},"end":{"line":71,"column":76}},"39":{"start":{"line":75,"column":26},"end":{"line":75,"column":57}},"40":{"start":{"line":78,"column":19},"end":{"line":80,"column":6}},"41":{"start":{"line":82,"column":4},"end":{"line":85,"column":7}},"42":{"start":{"line":87,"column":4},"end":{"line":87,"column":86}},"43":{"start":{"line":91,"column":0},"end":{"line":96,"column":2}}},"fnMap":{"0":{"name":"(anonymous_0)","decl":{"start":{"line":4,"column":19},"end":{"line":4,"column":20}},"loc":{"start":{"line":4,"column":39},"end":{"line":19,"column":1}},"line":4},"1":{"name":"(anonymous_1)","decl":{"start":{"line":21,"column":22},"end":{"line":21,"column":23}},"loc":{"start":{"line":21,"column":42},"end":{"line":43,"column":1}},"line":21},"2":{"name":"(anonymous_2)","decl":{"start":{"line":45,"column":20},"end":{"line":45,"column":21}},"loc":{"start":{"line":45,"column":40},"end":{"line":57,"column":1}},"line":45},"3":{"name":"(anonymous_3)","decl":{"start":{"line":49,"column":32},"end":{"line":49,"column":33}},"loc":{"start":{"line":49,"column":40},"end":{"line":52,"column":5}},"line":49},"4":{"name":"(anonymous_4)","decl":{"start":{"line":59,"column":19},"end":{"line":59,"column":20}},"loc":{"start":{"line":59,"column":39},"end":{"line":89,"column":1}},"line":59}},"branchMap":{"0":{"loc":{"start":{"line":9,"column":4},"end":{"line":11,"column":5}},"type":"if","locations":[{"start":{"line":9,"column":4},"end":{"line":11,"column":5}},{"start":{},"end":{}}],"line":9},"1":{"loc":{"start":{"line":24,"column":23},"end":{"line":24,"column":37}},"type":"binary-expr","locations":[{"start":{"line":24,"column":23},"end":{"line":24,"column":31}},{"start":{"line":24,"column":35},"end":{"line":24,"column":37}}],"line":24},"2":{"loc":{"start":{"line":27,"column":4},"end":{"line":29,"column":5}},"type":"if","locations":[{"start":{"line":27,"column":4},"end":{"line":29,"column":5}},{"start":{},"end":{}}],"line":27},"3":{"loc":{"start":{"line":34,"column":4},"end":{"line":36,"column":5}},"type":"if","locations":[{"start":{"line":34,"column":4},"end":{"line":36,"column":5}},{"start":{},"end":{}}],"line":34},"4":{"loc":{"start":{"line":61,"column":66},"end":{"line":61,"column":77}},"type":"default-arg","locations":[{"start":{"line":61,"column":76},"end":{"line":61,"column":77}}],"line":61},"5":{"loc":{"start":{"line":64,"column":4},"end":{"line":66,"column":5}},"type":"if","locations":[{"start":{"line":64,"column":4},"end":{"line":66,"column":5}},{"start":{},"end":{}}],"line":64},"6":{"loc":{"start":{"line":64,"column":8},"end":{"line":64,"column":49}},"type":"binary-expr","locations":[{"start":{"line":64,"column":8},"end":{"line":64,"column":13}},{"start":{"line":64,"column":17},"end":{"line":64,"column":26}},{"start":{"line":64,"column":30},"end":{"line":64,"column":36}},{"start":{"line":64,"column":40},"end":{"line":64,"column":49}}],"line":64},"7":{"loc":{"start":{"line":70,"column":4},"end":{"line":72,"column":5}},"type":"if","locations":[{"start":{"line":70,"column":4},"end":{"line":72,"column":5}},{"start":{},"end":{}}],"line":70}},"s":{"0":11,"1":11,"2":11,"3":1,"4":1,"5":1,"6":1,"7":0,"8":1,"9":1,"10":0,"11":11,"12":1,"13":1,"14":1,"15":1,"16":0,"17":1,"18":1,"19":0,"20":1,"21":1,"22":0,"23":11,"24":1,"25":1,"26":1,"27":14,"28":14,"29":1,"30":0,"31":11,"32":3,"33":3,"34":3,"35":1,"36":2,"37":2,"38":1,"39":1,"40":1,"41":1,"42":0,"43":11},"f":{"0":1,"1":1,"2":1,"3":14,"4":3},"b":{"0":[0,1],"1":[1,0],"2":[0,1],"3":[0,1],"4":[0],"5":[1,2],"6":[3,2,2,2],"7":[1,1]},"_coverageSchema":"1a1c01bbd47fc00a2c39e90264f33305004495a9","hash":"ff51dcee6c00f87f8b80f2c396caaf7e374e63fc"}
,"C:\\Desktop\\ESPE\\6-7 level\\Pruebas\\202550_Pruebas_Software_Grupo4\\Proyecto_P1\\holistica-backend\\middlewares\\auth.middleware.js": {"path":"C:\\Desktop\\ESPE\\6-7 level\\Pruebas\\202550_Pruebas_Software_Grupo4\\Proyecto_P1\\holistica-backend\\middlewares\\auth.middleware.js","statementMap":{"0":{"start":{"line":1,"column":12},"end":{"line":1,"column":35}},"1":{"start":{"line":3,"column":26},"end":{"line":21,"column":1}},"2":{"start":{"line":4,"column":21},"end":{"line":4,"column":49}},"3":{"start":{"line":5,"column":16},"end":{"line":5,"column":41}},"4":{"start":{"line":7,"column":2},"end":{"line":9,"column":3}},"5":{"start":{"line":8,"column":4},"end":{"line":8,"column":72}},"6":{"start":{"line":11,"column":2},"end":{"line":20,"column":3}},"7":{"start":{"line":12,"column":20},"end":{"line":12,"column":61}},"8":{"start":{"line":13,"column":4},"end":{"line":13,"column":23}},"9":{"start":{"line":14,"column":4},"end":{"line":14,"column":11}},"10":{"start":{"line":16,"column":4},"end":{"line":18,"column":5}},"11":{"start":{"line":17,"column":6},"end":{"line":17,"column":63}},"12":{"start":{"line":19,"column":4},"end":{"line":19,"column":61}},"13":{"start":{"line":23,"column":0},"end":{"line":23,"column":35}}},"fnMap":{"0":{"name":"(anonymous_0)","decl":{"start":{"line":3,"column":26},"end":{"line":3,"column":27}},"loc":{"start":{"line":3,"column":46},"end":{"line":21,"column":1}},"line":3}},"branchMap":{"0":{"loc":{"start":{"line":7,"column":2},"end":{"line":9,"column":3}},"type":"if","locations":[{"start":{"line":7,"column":2},"end":{"line":9,"column":3}},{"start":{},"end":{}}],"line":7},"1":{"loc":{"start":{"line":16,"column":4},"end":{"line":18,"column":5}},"type":"if","locations":[{"start":{"line":16,"column":4},"end":{"line":18,"column":5}},{"start":{},"end":{}}],"line":16}},"s":{"0":11,"1":11,"2":23,"3":23,"4":23,"5":0,"6":23,"7":23,"8":23,"9":23,"10":0,"11":0,"12":0,"13":11},"f":{"0":23},"b":{"0":[0,23],"1":[0,0]},"_coverageSchema":"1a1c01bbd47fc00a2c39e90264f33305004495a9","hash":"2cf6899027c205f18a1319caa2bcc10748eab721"}
,"C:\\Desktop\\ESPE\\6-7 level\\Pruebas\\202550_Pruebas_Software_Grupo4\\Proyecto_P1\\holistica-backend\\middlewares\\role.middleware.js": {"path":"C:\\Desktop\\ESPE\\6-7 level\\Pruebas\\202550_Pruebas_Software_Grupo4\\Proyecto_P1\\holistica-backend\\middlewares\\role.middleware.js","statementMap":{"0":{"start":{"line":1,"column":19},"end":{"line":17,"column":1}},"1":{"start":{"line":2,"column":2},"end":{"line":16,"column":4}},"2":{"start":{"line":3,"column":4},"end":{"line":5,"column":5}},"3":{"start":{"line":4,"column":6},"end":{"line":4,"column":71}},"4":{"start":{"line":7,"column":4},"end":{"line":13,"column":5}},"5":{"start":{"line":8,"column":6},"end":{"line":12,"column":9}},"6":{"start":{"line":15,"column":4},"end":{"line":15,"column":11}},"7":{"start":{"line":19,"column":0},"end":{"line":19,"column":28}}},"fnMap":{"0":{"name":"(anonymous_0)","decl":{"start":{"line":1,"column":19},"end":{"line":1,"column":20}},"loc":{"start":{"line":1,"column":33},"end":{"line":17,"column":1}},"line":1},"1":{"name":"(anonymous_1)","decl":{"start":{"line":2,"column":9},"end":{"line":2,"column":10}},"loc":{"start":{"line":2,"column":29},"end":{"line":16,"column":3}},"line":2}},"branchMap":{"0":{"loc":{"start":{"line":3,"column":4},"end":{"line":5,"column":5}},"type":"if","locations":[{"start":{"line":3,"column":4},"end":{"line":5,"column":5}},{"start":{},"end":{}}],"line":3},"1":{"loc":{"start":{"line":7,"column":4},"end":{"line":13,"column":5}},"type":"if","locations":[{"start":{"line":7,"column":4},"end":{"line":13,"column":5}},{"start":{},"end":{}}],"line":7}},"s":{"0":11,"1":121,"2":13,"3":0,"4":13,"5":0,"6":13,"7":11},"f":{"0":121,"1":13},"b":{"0":[0,13],"1":[0,13]},"_coverageSchema":"1a1c01bbd47fc00a2c39e90264f33305004495a9","hash":"5e88d6e244863c6d15aba63a9b4f6e1ff85fd0be"}
,"C:\\Desktop\\ESPE\\6-7 level\\Pruebas\\202550_Pruebas_Software_Grupo4\\Proyecto_P1\\holistica-backend\\middlewares\\validate.middleware.js": {"path":"C:\\Desktop\\ESPE\\6-7 level\\Pruebas\\202550_Pruebas_Software_Grupo4\\Proyecto_P1\\holistica-backend\\middlewares\\validate.middleware.js","statementMap":{"0":{"start":{"line":1,"column":28},"end":{"line":1,"column":60}},"1":{"start":{"line":3,"column":29},"end":{"line":40,"column":1}},"2":{"start":{"line":4,"column":58},"end":{"line":4,"column":66}},"3":{"start":{"line":5,"column":17},"end":{"line":5,"column":19}},"4":{"start":{"line":7,"column":2},"end":{"line":9,"column":3}},"5":{"start":{"line":8,"column":4},"end":{"line":8,"column":62}},"6":{"start":{"line":11,"column":2},"end":{"line":13,"column":3}},"7":{"start":{"line":12,"column":4},"end":{"line":12,"column":64}},"8":{"start":{"line":16,"column":2},"end":{"line":21,"column":3}},"9":{"start":{"line":20,"column":4},"end":{"line":20,"column":34}},"10":{"start":{"line":23,"column":2},"end":{"line":25,"column":3}},"11":{"start":{"line":24,"column":4},"end":{"line":24,"column":66}},"12":{"start":{"line":27,"column":2},"end":{"line":29,"column":3}},"13":{"start":{"line":28,"column":4},"end":{"line":28,"column":50}},"14":{"start":{"line":31,"column":2},"end":{"line":33,"column":3}},"15":{"start":{"line":32,"column":4},"end":{"line":32,"column":32}},"16":{"start":{"line":35,"column":2},"end":{"line":37,"column":3}},"17":{"start":{"line":36,"column":4},"end":{"line":36,"column":56}},"18":{"start":{"line":39,"column":2},"end":{"line":39,"column":9}},"19":{"start":{"line":42,"column":22},"end":{"line":59,"column":1}},"20":{"start":{"line":43,"column":30},"end":{"line":43,"column":38}},"21":{"start":{"line":44,"column":17},"end":{"line":44,"column":19}},"22":{"start":{"line":46,"column":2},"end":{"line":48,"column":3}},"23":{"start":{"line":47,"column":4},"end":{"line":47,"column":38}},"24":{"start":{"line":50,"column":2},"end":{"line":52,"column":3}},"25":{"start":{"line":51,"column":4},"end":{"line":51,"column":43}},"26":{"start":{"line":54,"column":2},"end":{"line":56,"column":3}},"27":{"start":{"line":55,"column":4},"end":{"line":55,"column":56}},"28":{"start":{"line":58,"column":2},"end":{"line":58,"column":9}},"29":{"start":{"line":61,"column":23},"end":{"line":90,"column":1}},"30":{"start":{"line":62,"column":60},"end":{"line":62,"column":68}},"31":{"start":{"line":63,"column":17},"end":{"line":63,"column":19}},"32":{"start":{"line":65,"column":2},"end":{"line":67,"column":3}},"33":{"start":{"line":66,"column":4},"end":{"line":66,"column":62}},"34":{"start":{"line":69,"column":2},"end":{"line":71,"column":3}},"35":{"start":{"line":70,"column":4},"end":{"line":70,"column":68}},"36":{"start":{"line":73,"column":2},"end":{"line":75,"column":3}},"37":{"start":{"line":74,"column":4},"end":{"line":74,"column":56}},"38":{"start":{"line":77,"column":2},"end":{"line":79,"column":3}},"39":{"start":{"line":78,"column":4},"end":{"line":78,"column":50}},"40":{"start":{"line":81,"column":2},"end":{"line":83,"column":3}},"41":{"start":{"line":82,"column":4},"end":{"line":82,"column":45}},"42":{"start":{"line":85,"column":2},"end":{"line":87,"column":3}},"43":{"start":{"line":86,"column":4},"end":{"line":86,"column":56}},"44":{"start":{"line":89,"column":2},"end":{"line":89,"column":9}},"45":{"start":{"line":92,"column":24},"end":{"line":113,"column":1}},"46":{"start":{"line":93,"column":40},"end":{"line":93,"column":48}},"47":{"start":{"line":94,"column":17},"end":{"line":94,"column":19}},"48":{"start":{"line":96,"column":2},"end":{"line":98,"column":3}},"49":{"start":{"line":97,"column":4},"end":{"line":97,"column":45}},"50":{"start":{"line":100,"column":2},"end":{"line":102,"column":3}},"51":{"start":{"line":101,"column":4},"end":{"line":101,"column":47}},"52":{"start":{"line":104,"column":2},"end":{"line":106,"column":3}},"53":{"start":{"line":105,"column":4},"end":{"line":105,"column":43}},"54":{"start":{"line":108,"column":2},"end":{"line":110,"column":3}},"55":{"start":{"line":109,"column":4},"end":{"line":109,"column":56}},"56":{"start":{"line":112,"column":2},"end":{"line":112,"column":9}},"57":{"start":{"line":115,"column":0},"end":{"line":120,"column":2}}},"fnMap":{"0":{"name":"(anonymous_0)","decl":{"start":{"line":3,"column":29},"end":{"line":3,"column":30}},"loc":{"start":{"line":3,"column":49},"end":{"line":40,"column":1}},"line":3},"1":{"name":"(anonymous_1)","decl":{"start":{"line":42,"column":22},"end":{"line":42,"column":23}},"loc":{"start":{"line":42,"column":42},"end":{"line":59,"column":1}},"line":42},"2":{"name":"(anonymous_2)","decl":{"start":{"line":61,"column":23},"end":{"line":61,"column":24}},"loc":{"start":{"line":61,"column":43},"end":{"line":90,"column":1}},"line":61},"3":{"name":"(anonymous_3)","decl":{"start":{"line":92,"column":24},"end":{"line":92,"column":25}},"loc":{"start":{"line":92,"column":44},"end":{"line":113,"column":1}},"line":92}},"branchMap":{"0":{"loc":{"start":{"line":7,"column":2},"end":{"line":9,"column":3}},"type":"if","locations":[{"start":{"line":7,"column":2},"end":{"line":9,"column":3}},{"start":{},"end":{}}],"line":7},"1":{"loc":{"start":{"line":7,"column":6},"end":{"line":7,"column":37}},"type":"binary-expr","locations":[{"start":{"line":7,"column":6},"end":{"line":7,"column":11}},{"start":{"line":7,"column":15},"end":{"line":7,"column":37}}],"line":7},"2":{"loc":{"start":{"line":11,"column":2},"end":{"line":13,"column":3}},"type":"if","locations":[{"start":{"line":11,"column":2},"end":{"line":13,"column":3}},{"start":{},"end":{}}],"line":11},"3":{"loc":{"start":{"line":11,"column":6},"end":{"line":11,"column":45}},"type":"binary-expr","locations":[{"start":{"line":11,"column":6},"end":{"line":11,"column":15}},{"start":{"line":11,"column":19},"end":{"line":11,"column":45}}],"line":11},"4":{"loc":{"start":{"line":16,"column":2},"end":{"line":21,"column":3}},"type":"if","locations":[{"start":{"line":16,"column":2},"end":{"line":21,"column":3}},{"start":{},"end":{}}],"line":16},"5":{"loc":{"start":{"line":17,"column":4},"end":{"line":18,"column":67}},"type":"binary-expr","locations":[{"start":{"line":17,"column":4},"end":{"line":17,"column":10}},{"start":{"line":18,"column":4},"end":{"line":18,"column":67}}],"line":17},"6":{"loc":{"start":{"line":23,"column":2},"end":{"line":25,"column":3}},"type":"if","locations":[{"start":{"line":23,"column":2},"end":{"line":25,"column":3}},{"start":{},"end":{}}],"line":23},"7":{"loc":{"start":{"line":23,"column":6},"end":{"line":23,"column":38}},"type":"binary-expr","locations":[{"start":{"line":23,"column":6},"end":{"line":23,"column":15}},{"start":{"line":23,"column":19},"end":{"line":23,"column":38}}],"line":23},"8":{"loc":{"start":{"line":27,"column":2},"end":{"line":29,"column":3}},"type":"if","locations":[{"start":{"line":27,"column":2},"end":{"line":29,"column":3}},{"start":{},"end":{}}],"line":27},"9":{"loc":{"start":{"line":27,"column":6},"end":{"line":27,"column":58}},"type":"binary-expr","locations":[{"start":{"line":27,"column":6},"end":{"line":27,"column":12}},{"start":{"line":27,"column":16},"end":{"line":27,"column":58}}],"line":27},"10":{"loc":{"start":{"line":31,"column":2},"end":{"line":33,"column":3}},"type":"if","locations":[{"start":{"line":31,"column":2},"end":{"line":33,"column":3}},{"start":{},"end":{}}],"line":31},"11":{"loc":{"start":{"line":31,"column":6},"end":{"line":31,"column":35}},"type":"binary-expr","locations":[{"start":{"line":31,"column":6},"end":{"line":31,"column":10}},{"start":{"line":31,"column":14},"end":{"line":31,"column":35}}],"line":31},"12":{"loc":{"start":{"line":35,"column":2},"end":{"line":37,"column":3}},"type":"if","locations":[{"start":{"line":35,"column":2},"end":{"line":37,"column":3}},{"start":{},"end":{}}],"line":35},"13":{"loc":{"start":{"line":46,"column":2},"end":{"line":48,"column":3}},"type":"if","locations":[{"start":{"line":46,"column":2},"end":{"line":48,"column":3}},{"start":{},"end":{}}],"line":46},"14":{"loc":{"start":{"line":50,"column":2},"end":{"line":52,"column":3}},"type":"if","locations":[{"start":{"line":50,"column":2},"end":{"line":52,"column":3}},{"start":{},"end":{}}],"line":50},"15":{"loc":{"start":{"line":54,"column":2},"end":{"line":56,"column":3}},"type":"if","locations":[{"start":{"line":54,"column":2},"end":{"line":56,"column":3}},{"start":{},"end":{}}],"line":54},"16":{"loc":{"start":{"line":65,"column":2},"end":{"line":67,"column":3}},"type":"if","locations":[{"start":{"line":65,"column":2},"end":{"line":67,"column":3}},{"start":{},"end":{}}],"line":65},"17":{"loc":{"start":{"line":65,"column":6},"end":{"line":65,"column":39}},"type":"binary-expr","locations":[{"start":{"line":65,"column":6},"end":{"line":65,"column":12}},{"start":{"line":65,"column":16},"end":{"line":65,"column":39}}],"line":65},"18":{"loc":{"start":{"line":69,"column":2},"end":{"line":71,"column":3}},"type":"if","locations":[{"start":{"line":69,"column":2},"end":{"line":71,"column":3}},{"start":{},"end":{}}],"line":69},"19":{"loc":{"start":{"line":69,"column":6},"end":{"line":69,"column":52}},"type":"binary-expr","locations":[{"start":{"line":69,"column":6},"end":{"line":69,"column":18}},{"start":{"line":69,"column":22},"end":{"line":69,"column":52}}],"line":69},"20":{"loc":{"start":{"line":73,"column":2},"end":{"line":75,"column":3}},"type":"if","locations":[{"start":{"line":73,"column":2},"end":{"line":75,"column":3}},{"start":{},"end":{}}],"line":73},"21":{"loc":{"start":{"line":73,"column":6},"end":{"line":73,"column":25}},"type":"binary-expr","locations":[{"start":{"line":73,"column":6},"end":{"line":73,"column":12}},{"start":{"line":73,"column":16},"end":{"line":73,"column":25}}],"line":73},"22":{"loc":{"start":{"line":77,"column":2},"end":{"line":79,"column":3}},"type":"if","locations":[{"start":{"line":77,"column":2},"end":{"line":79,"column":3}},{"start":{},"end":{}}],"line":77},"23":{"loc":{"start":{"line":77,"column":6},"end":{"line":77,"column":31}},"type":"binary-expr","locations":[{"start":{"line":77,"column":6},"end":{"line":77,"column":15}},{"start":{"line":77,"column":19},"end":{"line":77,"column":31}}],"line":77},"24":{"loc":{"start":{"line":81,"column":2},"end":{"line":83,"column":3}},"type":"if","locations":[{"start":{"line":81,"column":2},"end":{"line":83,"column":3}},{"start":{},"end":{}}],"line":81},"25":{"loc":{"start":{"line":81,"column":6},"end":{"line":81,"column":45}},"type":"binary-expr","locations":[{"start":{"line":81,"column":6},"end":{"line":81,"column":15}},{"start":{"line":81,"column":19},"end":{"line":81,"column":45}}],"line":81},"26":{"loc":{"start":{"line":85,"column":2},"end":{"line":87,"column":3}},"type":"if","locations":[{"start":{"line":85,"column":2},"end":{"line":87,"column":3}},{"start":{},"end":{}}],"line":85},"27":{"loc":{"start":{"line":96,"column":2},"end":{"line":98,"column":3}},"type":"if","locations":[{"start":{"line":96,"column":2},"end":{"line":98,"column":3}},{"start":{},"end":{}}],"line":96},"28":{"loc":{"start":{"line":100,"column":2},"end":{"line":102,"column":3}},"type":"if","locations":[{"start":{"line":100,"column":2},"end":{"line":102,"column":3}},{"start":{},"end":{}}],"line":100},"29":{"loc":{"start":{"line":100,"column":6},"end":{"line":100,"column":28}},"type":"binary-expr","locations":[{"start":{"line":100,"column":6},"end":{"line":100,"column":13}},{"start":{"line":100,"column":17},"end":{"line":100,"column":28}}],"line":100},"30":{"loc":{"start":{"line":104,"column":2},"end":{"line":106,"column":3}},"type":"if","locations":[{"start":{"line":104,"column":2},"end":{"line":106,"column":3}},{"start":{},"end":{}}],"line":104},"31":{"loc":{"start":{"line":104,"column":6},"end":{"line":104,"column":74}},"type":"binary-expr","locations":[{"start":{"line":104,"column":6},"end":{"line":104,"column":13}},{"start":{"line":104,"column":17},"end":{"line":104,"column":74}}],"line":104},"32":{"loc":{"start":{"line":108,"column":2},"end":{"line":110,"column":3}},"type":"if","locations":[{"start":{"line":108,"column":2},"end":{"line":110,"column":3}},{"start":{},"end":{}}],"line":108}},"s":{"0":11,"1":11,"2":1,"3":1,"4":1,"5":0,"6":1,"7":0,"8":1,"9":0,"10":1,"11":0,"12":1,"13":1,"14":1,"15":0,"16":1,"17":1,"18":0,"19":11,"20":8,"21":8,"22":8,"23":0,"24":8,"25":0,"26":8,"27":0,"28":8,"29":11,"30":0,"31":0,"32":0,"33":0,"34":0,"35":0,"36":0,"37":0,"38":0,"39":0,"40":0,"41":0,"42":0,"43":0,"44":0,"45":11,"46":0,"47":0,"48":0,"49":0,"50":0,"51":0,"52":0,"53":0,"54":0,"55":0,"56":0,"57":11},"f":{"0":1,"1":8,"2":0,"3":0},"b":{"0":[0,1],"1":[1,1],"2":[0,1],"3":[1,1],"4":[0,1],"5":[1,1],"6":[0,1],"7":[1,1],"8":[1,0],"9":[1,1],"10":[0,1],"11":[1,1],"12":[1,0],"13":[0,8],"14":[0,8],"15":[0,8],"16":[0,0],"17":[0,0],"18":[0,0],"19":[0,0],"20":[0,0],"21":[0,0],"22":[0,0],"23":[0,0],"24":[0,0],"25":[0,0],"26":[0,0],"27":[0,0],"28":[0,0],"29":[0,0],"30":[0,0],"31":[0,0],"32":[0,0]},"_coverageSchema":"1a1c01bbd47fc00a2c39e90264f33305004495a9","hash":"3c411b0a8a12ac2992cb5b17948f5b9036d98e0b"}
,"C:\\Desktop\\ESPE\\6-7 level\\Pruebas\\202550_Pruebas_Software_Grupo4\\Proyecto_P1\\holistica-backend\\models\\course.model.js": {"path":"C:\\Desktop\\ESPE\\6-7 level\\Pruebas\\202550_Pruebas_Software_Grupo4\\Proyecto_P1\\holistica-backend\\models\\course.model.js","statementMap":{"0":{"start":{"line":1,"column":13},"end":{"line":1,"column":36}},"1":{"start":{"line":3,"column":20},"end":{"line":45,"column":1}},"2":{"start":{"line":8,"column":8},"end":{"line":8,"column":14}},"3":{"start":{"line":10,"column":21},"end":{"line":14,"column":5}},"4":{"start":{"line":16,"column":4},"end":{"line":16,"column":27}},"5":{"start":{"line":20,"column":19},"end":{"line":20,"column":60}},"6":{"start":{"line":21,"column":4},"end":{"line":21,"column":16}},"7":{"start":{"line":25,"column":19},"end":{"line":25,"column":79}},"8":{"start":{"line":26,"column":4},"end":{"line":26,"column":19}},"9":{"start":{"line":33,"column":8},"end":{"line":33,"column":12}},"10":{"start":{"line":35,"column":4},"end":{"line":39,"column":6}},"11":{"start":{"line":43,"column":4},"end":{"line":43,"column":63}},"12":{"start":{"line":47,"column":0},"end":{"line":47,"column":29}}},"fnMap":{"0":{"name":"(anonymous_0)","decl":{"start":{"line":4,"column":2},"end":{"line":4,"column":3}},"loc":{"start":{"line":4,"column":23},"end":{"line":17,"column":3}},"line":4},"1":{"name":"(anonymous_1)","decl":{"start":{"line":19,"column":2},"end":{"line":19,"column":3}},"loc":{"start":{"line":19,"column":18},"end":{"line":22,"column":3}},"line":19},"2":{"name":"(anonymous_2)","decl":{"start":{"line":24,"column":2},"end":{"line":24,"column":3}},"loc":{"start":{"line":24,"column":21},"end":{"line":27,"column":3}},"line":24},"3":{"name":"(anonymous_3)","decl":{"start":{"line":29,"column":2},"end":{"line":29,"column":3}},"loc":{"start":{"line":29,"column":25},"end":{"line":40,"column":3}},"line":29},"4":{"name":"(anonymous_4)","decl":{"start":{"line":42,"column":2},"end":{"line":42,"column":3}},"loc":{"start":{"line":42,"column":19},"end":{"line":44,"column":3}},"line":42}},"branchMap":{},"s":{"0":11,"1":11,"2":1,"3":1,"4":1,"5":2,"6":2,"7":8,"8":8,"9":0,"10":0,"11":0,"12":11},"f":{"0":1,"1":2,"2":8,"3":0,"4":0},"b":{},"_coverageSchema":"1a1c01bbd47fc00a2c39e90264f33305004495a9","hash":"a782ed082289e08c4c7a3c8202ee667972ff0fbf"}
,"C:\\Desktop\\ESPE\\6-7 level\\Pruebas\\202550_Pruebas_Software_Grupo4\\Proyecto_P1\\holistica-backend\\models\\enrollment.model.js": {"path":"C:\\Desktop\\ESPE\\6-7 level\\Pruebas\\202550_Pruebas_Software_Grupo4\\Proyecto_P1\\holistica-backend\\models\\enrollment.model.js","statementMap":{"0":{"start":{"line":1,"column":13},"end":{"line":1,"column":36}},"1":{"start":{"line":3,"column":24},"end":{"line":46,"column":1}},"2":{"start":{"line":5,"column":21},"end":{"line":9,"column":5}},"3":{"start":{"line":10,"column":4},"end":{"line":10,"column":27}},"4":{"start":{"line":14,"column":19},"end":{"line":19,"column":5}},"5":{"start":{"line":20,"column":4},"end":{"line":20,"column":16}},"6":{"start":{"line":24,"column":4},"end":{"line":44,"column":5}},"7":{"start":{"line":26,"column":23},"end":{"line":26,"column":103}},"8":{"start":{"line":30,"column":6},"end":{"line":34,"column":7}},"9":{"start":{"line":33,"column":8},"end":{"line":33,"column":91}},"10":{"start":{"line":37,"column":6},"end":{"line":37,"column":18}},"11":{"start":{"line":41,"column":6},"end":{"line":41,"column":114}},"12":{"start":{"line":43,"column":6},"end":{"line":43,"column":18}},"13":{"start":{"line":48,"column":0},"end":{"line":48,"column":33}}},"fnMap":{"0":{"name":"(anonymous_0)","decl":{"start":{"line":4,"column":2},"end":{"line":4,"column":3}},"loc":{"start":{"line":4,"column":56},"end":{"line":11,"column":3}},"line":4},"1":{"name":"(anonymous_1)","decl":{"start":{"line":13,"column":2},"end":{"line":13,"column":3}},"loc":{"start":{"line":13,"column":28},"end":{"line":21,"column":3}},"line":13},"2":{"name":"(anonymous_2)","decl":{"start":{"line":23,"column":2},"end":{"line":23,"column":3}},"loc":{"start":{"line":23,"column":33},"end":{"line":45,"column":3}},"line":23}},"branchMap":{"0":{"loc":{"start":{"line":4,"column":35},"end":{"line":4,"column":54}},"type":"default-arg","locations":[{"start":{"line":4,"column":44},"end":{"line":4,"column":54}}],"line":4},"1":{"loc":{"start":{"line":30,"column":6},"end":{"line":34,"column":7}},"type":"if","locations":[{"start":{"line":30,"column":6},"end":{"line":34,"column":7}},{"start":{},"end":{}}],"line":30}},"s":{"0":11,"1":11,"2":2,"3":2,"4":1,"5":1,"6":0,"7":0,"8":0,"9":0,"10":0,"11":0,"12":0,"13":11},"f":{"0":2,"1":1,"2":0},"b":{"0":[1],"1":[0,0]},"_coverageSchema":"1a1c01bbd47fc00a2c39e90264f33305004495a9","hash":"89bb54bd37948c0f52700bf82a9059753605985c"}
,"C:\\Desktop\\ESPE\\6-7 level\\Pruebas\\202550_Pruebas_Software_Grupo4\\Proyecto_P1\\holistica-backend\\models\\multimedia.model.js": {"path":"C:\\Desktop\\ESPE\\6-7 level\\Pruebas\\202550_Pruebas_Software_Grupo4\\Proyecto_P1\\holistica-backend\\models\\multimedia.model.js","statementMap":{"0":{"start":{"line":1,"column":13},"end":{"line":1,"column":36}},"1":{"start":{"line":3,"column":24},"end":{"line":35,"column":1}},"2":{"start":{"line":5,"column":44},"end":{"line":5,"column":51}},"3":{"start":{"line":7,"column":21},"end":{"line":11,"column":5}},"4":{"start":{"line":13,"column":4},"end":{"line":13,"column":27}},"5":{"start":{"line":17,"column":19},"end":{"line":20,"column":5}},"6":{"start":{"line":21,"column":4},"end":{"line":21,"column":16}},"7":{"start":{"line":25,"column":33},"end":{"line":25,"column":37}},"8":{"start":{"line":26,"column":4},"end":{"line":29,"column":6}},"9":{"start":{"line":33,"column":4},"end":{"line":33,"column":64}},"10":{"start":{"line":37,"column":0},"end":{"line":37,"column":33}}},"fnMap":{"0":{"name":"(anonymous_0)","decl":{"start":{"line":4,"column":2},"end":{"line":4,"column":3}},"loc":{"start":{"line":4,"column":24},"end":{"line":14,"column":3}},"line":4},"1":{"name":"(anonymous_1)","decl":{"start":{"line":16,"column":2},"end":{"line":16,"column":3}},"loc":{"start":{"line":16,"column":32},"end":{"line":22,"column":3}},"line":16},"2":{"name":"(anonymous_2)","decl":{"start":{"line":24,"column":2},"end":{"line":24,"column":3}},"loc":{"start":{"line":24,"column":25},"end":{"line":30,"column":3}},"line":24},"3":{"name":"(anonymous_3)","decl":{"start":{"line":32,"column":2},"end":{"line":32,"column":3}},"loc":{"start":{"line":32,"column":19},"end":{"line":34,"column":3}},"line":32}},"branchMap":{},"s":{"0":11,"1":11,"2":0,"3":0,"4":0,"5":0,"6":0,"7":0,"8":0,"9":0,"10":11},"f":{"0":0,"1":0,"2":0,"3":0},"b":{},"_coverageSchema":"1a1c01bbd47fc00a2c39e90264f33305004495a9","hash":"d01b8e77a21c533344e6b882a2f59cfe4522cdd1"}
,"C:\\Desktop\\ESPE\\6-7 level\\Pruebas\\202550_Pruebas_Software_Grupo4\\Proyecto_P1\\holistica-backend\\models\\payment.model.js": {"path":"C:\\Desktop\\ESPE\\6-7 level\\Pruebas\\202550_Pruebas_Software_Grupo4\\Proyecto_P1\\holistica-backend\\models\\payment.model.js","statementMap":{"0":{"start":{"line":1,"column":13},"end":{"line":1,"column":36}},"1":{"start":{"line":3,"column":21},"end":{"line":25,"column":1}},"2":{"start":{"line":5,"column":51},"end":{"line":5,"column":58}},"3":{"start":{"line":7,"column":21},"end":{"line":11,"column":5}},"4":{"start":{"line":13,"column":4},"end":{"line":13,"column":27}},"5":{"start":{"line":17,"column":19},"end":{"line":22,"column":5}},"6":{"start":{"line":23,"column":4},"end":{"line":23,"column":16}},"7":{"start":{"line":27,"column":0},"end":{"line":27,"column":30}}},"fnMap":{"0":{"name":"(anonymous_0)","decl":{"start":{"line":4,"column":2},"end":{"line":4,"column":3}},"loc":{"start":{"line":4,"column":24},"end":{"line":14,"column":3}},"line":4},"1":{"name":"(anonymous_1)","decl":{"start":{"line":16,"column":2},"end":{"line":16,"column":3}},"loc":{"start":{"line":16,"column":28},"end":{"line":24,"column":3}},"line":16}},"branchMap":{},"s":{"0":11,"1":11,"2":1,"3":1,"4":1,"5":1,"6":1,"7":11},"f":{"0":1,"1":1},"b":{},"_coverageSchema":"1a1c01bbd47fc00a2c39e90264f33305004495a9","hash":"da102cbfcd8ec21f21596dbd89808c6341eb9775"}
,"C:\\Desktop\\ESPE\\6-7 level\\Pruebas\\202550_Pruebas_Software_Grupo4\\Proyecto_P1\\holistica-backend\\models\\report.model.js": {"path":"C:\\Desktop\\ESPE\\6-7 level\\Pruebas\\202550_Pruebas_Software_Grupo4\\Proyecto_P1\\holistica-backend\\models\\report.model.js","statementMap":{"0":{"start":{"line":1,"column":13},"end":{"line":1,"column":36}},"1":{"start":{"line":3,"column":20},"end":{"line":21,"column":1}},"2":{"start":{"line":5,"column":21},"end":{"line":9,"column":5}},"3":{"start":{"line":10,"column":4},"end":{"line":10,"column":27}},"4":{"start":{"line":14,"column":19},"end":{"line":18,"column":6}},"5":{"start":{"line":19,"column":4},"end":{"line":19,"column":16}},"6":{"start":{"line":23,"column":0},"end":{"line":23,"column":29}}},"fnMap":{"0":{"name":"(anonymous_0)","decl":{"start":{"line":4,"column":2},"end":{"line":4,"column":3}},"loc":{"start":{"line":4,"column":79},"end":{"line":11,"column":3}},"line":4},"1":{"name":"(anonymous_1)","decl":{"start":{"line":13,"column":2},"end":{"line":13,"column":3}},"loc":{"start":{"line":13,"column":18},"end":{"line":20,"column":3}},"line":13}},"branchMap":{},"s":{"0":11,"1":11,"2":0,"3":0,"4":0,"5":0,"6":11},"f":{"0":0,"1":0},"b":{},"_coverageSchema":"1a1c01bbd47fc00a2c39e90264f33305004495a9","hash":"15f805c7441bc10c6a80e29b8562c9109f7a1c21"}
,"C:\\Desktop\\ESPE\\6-7 level\\Pruebas\\202550_Pruebas_Software_Grupo4\\Proyecto_P1\\holistica-backend\\models\\schedule.model.js": {"path":"C:\\Desktop\\ESPE\\6-7 level\\Pruebas\\202550_Pruebas_Software_Grupo4\\Proyecto_P1\\holistica-backend\\models\\schedule.model.js","statementMap":{"0":{"start":{"line":1,"column":13},"end":{"line":1,"column":36}},"1":{"start":{"line":3,"column":22},"end":{"line":64,"column":1}},"2":{"start":{"line":5,"column":80},"end":{"line":5,"column":88}},"3":{"start":{"line":6,"column":8},"end":{"line":19,"column":9}},"4":{"start":{"line":7,"column":29},"end":{"line":11,"column":13}},"5":{"start":{"line":12,"column":12},"end":{"line":12,"column":35}},"6":{"start":{"line":15,"column":12},"end":{"line":15,"column":83}},"7":{"start":{"line":16,"column":12},"end":{"line":16,"column":65}},"8":{"start":{"line":18,"column":12},"end":{"line":18,"column":24}},"9":{"start":{"line":23,"column":23},"end":{"line":29,"column":6}},"10":{"start":{"line":30,"column":8},"end":{"line":30,"column":20}},"11":{"start":{"line":34,"column":23},"end":{"line":41,"column":9}},"12":{"start":{"line":42,"column":8},"end":{"line":42,"column":20}},"13":{"start":{"line":46,"column":69},"end":{"line":46,"column":73}},"14":{"start":{"line":48,"column":8},"end":{"line":53,"column":10}},"15":{"start":{"line":57,"column":8},"end":{"line":57,"column":69}},"16":{"start":{"line":61,"column":23},"end":{"line":61,"column":85}},"17":{"start":{"line":62,"column":8},"end":{"line":62,"column":23}},"18":{"start":{"line":66,"column":0},"end":{"line":66,"column":31}}},"fnMap":{"0":{"name":"(anonymous_0)","decl":{"start":{"line":4,"column":4},"end":{"line":4,"column":5}},"loc":{"start":{"line":4,"column":27},"end":{"line":20,"column":5}},"line":4},"1":{"name":"(anonymous_1)","decl":{"start":{"line":22,"column":4},"end":{"line":22,"column":5}},"loc":{"start":{"line":22,"column":20},"end":{"line":31,"column":5}},"line":22},"2":{"name":"(anonymous_2)","decl":{"start":{"line":33,"column":4},"end":{"line":33,"column":5}},"loc":{"start":{"line":33,"column":34},"end":{"line":43,"column":5}},"line":33},"3":{"name":"(anonymous_3)","decl":{"start":{"line":45,"column":4},"end":{"line":45,"column":5}},"loc":{"start":{"line":45,"column":27},"end":{"line":54,"column":5}},"line":45},"4":{"name":"(anonymous_4)","decl":{"start":{"line":56,"column":4},"end":{"line":56,"column":5}},"loc":{"start":{"line":56,"column":21},"end":{"line":58,"column":5}},"line":56},"5":{"name":"(anonymous_5)","decl":{"start":{"line":60,"column":4},"end":{"line":60,"column":5}},"loc":{"start":{"line":60,"column":23},"end":{"line":63,"column":5}},"line":60}},"branchMap":{},"s":{"0":11,"1":11,"2":1,"3":1,"4":1,"5":1,"6":0,"7":0,"8":0,"9":1,"10":1,"11":1,"12":1,"13":1,"14":1,"15":1,"16":0,"17":0,"18":11},"f":{"0":1,"1":1,"2":1,"3":1,"4":1,"5":0},"b":{},"_coverageSchema":"1a1c01bbd47fc00a2c39e90264f33305004495a9","hash":"cc7833f3fa0c8bac849896c6ab93b558f0e9fb9f"}
,"C:\\Desktop\\ESPE\\6-7 level\\Pruebas\\202550_Pruebas_Software_Grupo4\\Proyecto_P1\\holistica-backend\\models\\user.model.js": {"path":"C:\\Desktop\\ESPE\\6-7 level\\Pruebas\\202550_Pruebas_Software_Grupo4\\Proyecto_P1\\holistica-backend\\models\\user.model.js","statementMap":{"0":{"start":{"line":1,"column":13},"end":{"line":1,"column":36}},"1":{"start":{"line":3,"column":18},"end":{"line":61,"column":1}},"2":{"start":{"line":14,"column":8},"end":{"line":14,"column":12}},"3":{"start":{"line":16,"column":21},"end":{"line":21,"column":5}},"4":{"start":{"line":23,"column":4},"end":{"line":23,"column":27}},"5":{"start":{"line":27,"column":19},"end":{"line":27,"column":77}},"6":{"start":{"line":28,"column":4},"end":{"line":28,"column":19}},"7":{"start":{"line":32,"column":19},"end":{"line":32,"column":83}},"8":{"start":{"line":33,"column":4},"end":{"line":33,"column":19}},"9":{"start":{"line":37,"column":19},"end":{"line":42,"column":6}},"10":{"start":{"line":43,"column":4},"end":{"line":43,"column":16}},"11":{"start":{"line":47,"column":19},"end":{"line":47,"column":36}},"12":{"start":{"line":48,"column":19},"end":{"line":48,"column":38}},"13":{"start":{"line":50,"column":4},"end":{"line":50,"column":36}},"14":{"start":{"line":50,"column":29},"end":{"line":50,"column":36}},"15":{"start":{"line":52,"column":22},"end":{"line":52,"column":68}},"16":{"start":{"line":52,"column":42},"end":{"line":52,"column":56}},"17":{"start":{"line":53,"column":18},"end":{"line":53,"column":62}},"18":{"start":{"line":55,"column":4},"end":{"line":55,"column":45}},"19":{"start":{"line":59,"column":4},"end":{"line":59,"column":61}},"20":{"start":{"line":63,"column":0},"end":{"line":63,"column":27}}},"fnMap":{"0":{"name":"(anonymous_0)","decl":{"start":{"line":4,"column":2},"end":{"line":4,"column":3}},"loc":{"start":{"line":4,"column":21},"end":{"line":24,"column":3}},"line":4},"1":{"name":"(anonymous_1)","decl":{"start":{"line":26,"column":2},"end":{"line":26,"column":3}},"loc":{"start":{"line":26,"column":21},"end":{"line":29,"column":3}},"line":26},"2":{"name":"(anonymous_2)","decl":{"start":{"line":31,"column":2},"end":{"line":31,"column":3}},"loc":{"start":{"line":31,"column":27},"end":{"line":34,"column":3}},"line":31},"3":{"name":"(anonymous_3)","decl":{"start":{"line":36,"column":2},"end":{"line":36,"column":3}},"loc":{"start":{"line":36,"column":18},"end":{"line":44,"column":3}},"line":36},"4":{"name":"(anonymous_4)","decl":{"start":{"line":46,"column":2},"end":{"line":46,"column":3}},"loc":{"start":{"line":46,"column":25},"end":{"line":56,"column":3}},"line":46},"5":{"name":"(anonymous_5)","decl":{"start":{"line":52,"column":33},"end":{"line":52,"column":34}},"loc":{"start":{"line":52,"column":42},"end":{"line":52,"column":56}},"line":52},"6":{"name":"(anonymous_6)","decl":{"start":{"line":58,"column":2},"end":{"line":58,"column":3}},"loc":{"start":{"line":58,"column":19},"end":{"line":60,"column":3}},"line":58}},"branchMap":{"0":{"loc":{"start":{"line":50,"column":4},"end":{"line":50,"column":36}},"type":"if","locations":[{"start":{"line":50,"column":4},"end":{"line":50,"column":36}},{"start":{},"end":{}}],"line":50}},"s":{"0":11,"1":11,"2":1,"3":1,"4":1,"5":1,"6":1,"7":11,"8":11,"9":1,"10":1,"11":1,"12":1,"13":1,"14":0,"15":1,"16":4,"17":1,"18":1,"19":0,"20":11},"f":{"0":1,"1":1,"2":11,"3":1,"4":1,"5":4,"6":0},"b":{"0":[0,1]},"_coverageSchema":"1a1c01bbd47fc00a2c39e90264f33305004495a9","hash":"92a3d511feab2fded9d5512818093014f41512d8"}
,"C:\\Desktop\\ESPE\\6-7 level\\Pruebas\\202550_Pruebas_Software_Grupo4\\Proyecto_P1\\holistica-backend\\routes\\admin.routes.js": {"path":"C:\\Desktop\\ESPE\\6-7 level\\Pruebas\\202550_Pruebas_Software_Grupo4\\Proyecto_P1\\holistica-backend\\routes\\admin.routes.js","statementMap":{"0":{"start":{"line":1,"column":16},"end":{"line":1,"column":34}},"1":{"start":{"line":2,"column":15},"end":{"line":2,"column":31}},"2":{"start":{"line":3,"column":24},"end":{"line":3,"column":66}},"3":{"start":{"line":4,"column":26},"end":{"line":4,"column":67}},"4":{"start":{"line":5,"column":19},"end":{"line":5,"column":60}},"5":{"start":{"line":8,"column":0},"end":{"line":8,"column":30}},"6":{"start":{"line":9,"column":0},"end":{"line":9,"column":26}},"7":{"start":{"line":12,"column":0},"end":{"line":12,"column":62}},"8":{"start":{"line":13,"column":0},"end":{"line":13,"column":58}},"9":{"start":{"line":14,"column":0},"end":{"line":14,"column":61}},"10":{"start":{"line":17,"column":0},"end":{"line":17,"column":67}},"11":{"start":{"line":19,"column":0},"end":{"line":19,"column":24}}},"fnMap":{},"branchMap":{},"s":{"0":11,"1":11,"2":11,"3":11,"4":11,"5":11,"6":11,"7":11,"8":11,"9":11,"10":11,"11":11},"f":{},"b":{},"_coverageSchema":"1a1c01bbd47fc00a2c39e90264f33305004495a9","hash":"62275a4793353e883fa0fbf17b234644b1737490"}
,"C:\\Desktop\\ESPE\\6-7 level\\Pruebas\\202550_Pruebas_Software_Grupo4\\Proyecto_P1\\holistica-backend\\routes\\auth.routes.js": {"path":"C:\\Desktop\\ESPE\\6-7 level\\Pruebas\\202550_Pruebas_Software_Grupo4\\Proyecto_P1\\holistica-backend\\routes\\auth.routes.js","statementMap":{"0":{"start":{"line":1,"column":16},"end":{"line":1,"column":34}},"1":{"start":{"line":2,"column":15},"end":{"line":2,"column":31}},"2":{"start":{"line":3,"column":23},"end":{"line":3,"column":64}},"3":{"start":{"line":4,"column":48},"end":{"line":4,"column":93}},"4":{"start":{"line":7,"column":0},"end":{"line":7,"column":72}},"5":{"start":{"line":10,"column":0},"end":{"line":10,"column":59}},"6":{"start":{"line":13,"column":0},"end":{"line":13,"column":46}},"7":{"start":{"line":14,"column":0},"end":{"line":14,"column":45}},"8":{"start":{"line":17,"column":0},"end":{"line":17,"column":61}},"9":{"start":{"line":19,"column":0},"end":{"line":19,"column":24}}},"fnMap":{},"branchMap":{},"s":{"0":11,"1":11,"2":11,"3":11,"4":11,"5":11,"6":11,"7":11,"8":11,"9":11},"f":{},"b":{},"_coverageSchema":"1a1c01bbd47fc00a2c39e90264f33305004495a9","hash":"7caeac78f0a791a8cbd692164fe5a172788d580b"}
,"C:\\Desktop\\ESPE\\6-7 level\\Pruebas\\202550_Pruebas_Software_Grupo4\\Proyecto_P1\\holistica-backend\\routes\\course.routes.js": {"path":"C:\\Desktop\\ESPE\\6-7 level\\Pruebas\\202550_Pruebas_Software_Grupo4\\Proyecto_P1\\holistica-backend\\routes\\course.routes.js","statementMap":{"0":{"start":{"line":1,"column":16},"end":{"line":1,"column":34}},"1":{"start":{"line":2,"column":15},"end":{"line":2,"column":31}},"2":{"start":{"line":3,"column":25},"end":{"line":3,"column":68}},"3":{"start":{"line":4,"column":26},"end":{"line":4,"column":67}},"4":{"start":{"line":5,"column":19},"end":{"line":5,"column":60}},"5":{"start":{"line":8,"column":0},"end":{"line":8,"column":48}},"6":{"start":{"line":9,"column":0},"end":{"line":9,"column":51}},"7":{"start":{"line":12,"column":0},"end":{"line":12,"column":82}},"8":{"start":{"line":13,"column":0},"end":{"line":13,"column":84}},"9":{"start":{"line":14,"column":0},"end":{"line":14,"column":87}},"10":{"start":{"line":16,"column":0},"end":{"line":16,"column":24}}},"fnMap":{},"branchMap":{},"s":{"0":11,"1":11,"2":11,"3":11,"4":11,"5":11,"6":11,"7":11,"8":11,"9":11,"10":11},"f":{},"b":{},"_coverageSchema":"1a1c01bbd47fc00a2c39e90264f33305004495a9","hash":"02a897d3d384c15a7aa16973c53dca5f409c9a69"}
,"C:\\Desktop\\ESPE\\6-7 level\\Pruebas\\202550_Pruebas_Software_Grupo4\\Proyecto_P1\\holistica-backend\\routes\\enrollment.routes.js": {"path":"C:\\Desktop\\ESPE\\6-7 level\\Pruebas\\202550_Pruebas_Software_Grupo4\\Proyecto_P1\\holistica-backend\\routes\\enrollment.routes.js","statementMap":{"0":{"start":{"line":1,"column":16},"end":{"line":1,"column":34}},"1":{"start":{"line":2,"column":15},"end":{"line":2,"column":31}},"2":{"start":{"line":3,"column":29},"end":{"line":3,"column":76}},"3":{"start":{"line":4,"column":26},"end":{"line":4,"column":67}},"4":{"start":{"line":5,"column":19},"end":{"line":5,"column":60}},"5":{"start":{"line":8,"column":0},"end":{"line":8,"column":73}},"6":{"start":{"line":11,"column":0},"end":{"line":11,"column":90}},"7":{"start":{"line":14,"column":0},"end":{"line":14,"column":105}},"8":{"start":{"line":16,"column":0},"end":{"line":16,"column":24}}},"fnMap":{},"branchMap":{},"s":{"0":11,"1":11,"2":11,"3":11,"4":11,"5":11,"6":11,"7":11,"8":11},"f":{},"b":{},"_coverageSchema":"1a1c01bbd47fc00a2c39e90264f33305004495a9","hash":"ec8a5547cd3d941a8b87300f89021dd0808cf948"}
[...]
,"C:\\Desktop\\ESPE\\6-7 level\\Pruebas\\202550_Pruebas_Software_Grupo4\\Proyecto_P1\\holistica-backend\\routes\\schedule.routes.js": {"path":"C:\\Desktop\\ESPE\\6-7 level\\Pruebas\\202550_Pruebas_Software_Grupo4\\Proyecto_P1\\holistica-backend\\routes\\schedule.routes.js","statementMap":{"0":{"start":{"line":1,"column":16},"end":{"line":1,"column":34}},"1":{"start":{"line":2,"column":15},"end":{"line":2,"column":31}},"2":{"start":{"line":3,"column":27},"end":{"line":3,"column":72}},"3":{"start":{"line":4,"column":26},"end":{"line":4,"column":67}},"4":{"start":{"line":5,"column":19},"end":{"line":5,"column":60}},"5":{"start":{"line":8,"column":0},"end":{"line":8,"column":71}},"6":{"start":{"line":11,"column":0},"end":{"line":11,"column":91}},"7":{"start":{"line":14,"column":0},"end":{"line":14,"column":86}},"8":{"start":{"line":17,"column":0},"end":{"line":17,"column":88}},"9":{"start":{"line":20,"column":0},"end":{"line":20,"column":91}},"10":{"start":{"line":22,"column":0},"end":{"line":22,"column":24}}},"fnMap":{},"branchMap":{},"s":{"0":11,"1":11,"2":11,"3":11,"4":11,"5":11,"6":11,"7":11,"8":11,"9":11,"10":11},"f":{},"b":{},"_coverageSchema":"1a1c01bbd47fc00a2c39e90264f33305004495a9","hash":"9fca66f5ac83b94f2244372f159ab6302bd7665b"}
,"C:\\Desktop\\ESPE\\6-7 level\\Pruebas\\202550_Pruebas_Software_Grupo4\\Proyecto_P1\\holistica-backend\\routes\\user.routes.js": {"path":"C:\\Desktop\\ESPE\\6-7 level\\Pruebas\\202550_Pruebas_Software_Grupo4\\Proyecto_P1\\holistica-backend\\routes\\user.routes.js","statementMap":{"0":{"start":{"line":1,"column":16},"end":{"line":1,"column":34}},"1":{"start":{"line":2,"column":15},"end":{"line":2,"column":31}},"2":{"start":{"line":3,"column":23},"end":{"line":3,"column":64}},"3":{"start":{"line":4,"column":26},"end":{"line":4,"column":67}},"4":{"start":{"line":5,"column":19},"end":{"line":5,"column":60}},"5":{"start":{"line":8,"column":0},"end":{"line":8,"column":64}},"6":{"start":{"line":11,"column":0},"end":{"line":11,"column":67}},"7":{"start":{"line":14,"column":0},"end":{"line":14,"column":78}},"8":{"start":{"line":15,"column":0},"end":{"line":15,"column":78}},"9":{"start":{"line":17,"column":0},"end":{"line":17,"column":24}}},"fnMap":{},"branchMap":{},"s":{"0":11,"1":11,"2":11,"3":11,"4":11,"5":11,"6":11,"7":11,"8":11,"9":11},"f":{},"b":{},"_coverageSchema":"1a1c01bbd47fc00a2c39e90264f33305004495a9","hash":"8bd08e4bdfa15a89e0af6a9056947ee2d2bc4f01"}
,"C:\\Desktop\\ESPE\\6-7 level\\Pruebas\\202550_Pruebas_Software_Grupo4\\Proyecto_P1\\holistica-backend\\utils\\errorHandler.js": {"path":"C:\\Desktop\\ESPE\\6-7 level\\Pruebas\\202550_Pruebas_Software_Grupo4\\Proyecto_P1\\holistica-backend\\utils\\errorHandler.js","statementMap":{"0":{"start":{"line":1,"column":15},"end":{"line":1,"column":34}},"1":{"start":{"line":5,"column":4},"end":{"line":5,"column":19}},"2":{"start":{"line":6,"column":4},"end":{"line":6,"column":33}},"3":{"start":{"line":7,"column":4},"end":{"line":7,"column":39}},"4":{"start":{"line":8,"column":4},"end":{"line":8,"column":46}},"5":{"start":{"line":10,"column":4},"end":{"line":10,"column":52}},"6":{"start":{"line":16,"column":4},"end":{"line":16,"column":24}},"7":{"start":{"line":17,"column":4},"end":{"line":17,"column":23}},"8":{"start":{"line":18,"column":4},"end":{"line":18,"column":34}},"9":{"start":{"line":24,"column":4},"end":{"line":24,"column":24}},"10":{"start":{"line":25,"column":4},"end":{"line":25,"column":38}},"11":{"start":{"line":31,"column":4},"end":{"line":31,"column":24}},"12":{"start":{"line":32,"column":4},"end":{"line":32,"column":37}},"13":{"start":{"line":38,"column":4},"end":{"line":38,"column":40}},"14":{"start":{"line":39,"column":4},"end":{"line":39,"column":32}},"15":{"start":{"line":45,"column":4},"end":{"line":45,"column":24}},"16":{"start":{"line":46,"column":4},"end":{"line":46,"column":32}},"17":{"start":{"line":51,"column":27},"end":{"line":109,"column":1}},"18":{"start":{"line":52,"column":14},"end":{"line":52,"column":24}},"19":{"start":{"line":53,"column":2},"end":{"line":53,"column":30}},"20":{"start":{"line":56,"column":2},"end":{"line":63,"column":5}},"21":{"start":{"line":66,"column":2},"end":{"line":69,"column":3}},"22":{"start":{"line":67,"column":20},"end":{"line":67,"column":40}},"23":{"start":{"line":68,"column":4},"end":{"line":68,"column":39}},"24":{"start":{"line":72,"column":2},"end":{"line":75,"column":3}},"25":{"start":{"line":73,"column":20},"end":{"line":73,"column":51}},"26":{"start":{"line":74,"column":4},"end":{"line":74,"column":41}},"27":{"start":{"line":78,"column":2},"end":{"line":81,"column":3}},"28":{"start":{"line":79,"column":20},"end":{"line":79,"column":69}},"29":{"start":{"line":79,"column":57},"end":{"line":79,"column":68}},"30":{"start":{"line":80,"column":4},"end":{"line":80,"column":52}},"31":{"start":{"line":84,"column":2},"end":{"line":86,"column":3}},"32":{"start":{"line":85,"column":4},"end":{"line":85,"column":53}},"33":{"start":{"line":88,"column":2},"end":{"line":90,"column":3}},"34":{"start":{"line":89,"column":4},"end":{"line":89,"column":53}},"35":{"start":{"line":93,"column":2},"end":{"line":95,"column":3}},"36":{"start":{"line":94,"column":4},"end":{"line":94,"column":51}},"37":{"start":{"line":97,"column":2},"end":{"line":99,"column":3}},"38":{"start":{"line":98,"column":4},"end":{"line":98,"column":70}},"39":{"start":{"line":101,"column":2},"end":{"line":108,"column":5}},"40":{"start":{"line":112,"column":21},"end":{"line":114,"column":1}},"41":{"start":{"line":112,"column":29},"end":{"line":114,"column":1}},"42":{"start":{"line":113,"column":2},"end":{"line":113,"column":50}},"43":{"start":{"line":117,"column":24},"end":{"line":120,"column":1}},"44":{"start":{"line":118,"column":16},"end":{"line":118,"column":61}},"45":{"start":{"line":119,"column":2},"end":{"line":119,"column":14}},"46":{"start":{"line":122,"column":0},"end":{"line":132,"column":2}}},"fnMap":{"0":{"name":"(anonymous_0)","decl":{"start":{"line":4,"column":2},"end":{"line":4,"column":3}},"loc":{"start":{"line":4,"column":63},"end":{"line":11,"column":3}},"line":4},"1":{"name":"(anonymous_1)","decl":{"start":{"line":15,"column":2},"end":{"line":15,"column":3}},"loc":{"start":{"line":15,"column":37},"end":{"line":19,"column":3}},"line":15},"2":{"name":"(anonymous_2)","decl":{"start":{"line":23,"column":2},"end":{"line":23,"column":3}},"loc":{"start":{"line":23,"column":49},"end":{"line":26,"column":3}},"line":23},"3":{"name":"(anonymous_3)","decl":{"start":{"line":30,"column":2},"end":{"line":30,"column":3}},"loc":{"start":{"line":30,"column":41},"end":{"line":33,"column":3}},"line":30},"4":{"name":"(anonymous_4)","decl":{"start":{"line":37,"column":2},"end":{"line":37,"column":3}},"loc":{"start":{"line":37,"column":37},"end":{"line":40,"column":3}},"line":37},"5":{"name":"(anonymous_5)","decl":{"start":{"line":44,"column":2},"end":{"line":44,"column":3}},"loc":{"start":{"line":44,"column":53},"end":{"line":47,"column":3}},"line":44},"6":{"name":"(anonymous_6)","decl":{"start":{"line":51,"column":27},"end":{"line":51,"column":28}},"loc":{"start":{"line":51,"column":52},"end":{"line":109,"column":1}},"line":51},"7":{"name":"(anonymous_7)","decl":{"start":{"line":79,"column":50},"end":{"line":79,"column":51}},"loc":{"start":{"line":79,"column":57},"end":{"line":79,"column":68}},"line":79},"8":{"name":"(anonymous_8)","decl":{"start":{"line":112,"column":21},"end":{"line":112,"column":22}},"loc":{"start":{"line":112,"column":29},"end":{"line":114,"column":1}},"line":112},"9":{"name":"(anonymous_9)","decl":{"start":{"line":112,"column":29},"end":{"line":112,"column":30}},"loc":{"start":{"line":112,"column":49},"end":{"line":114,"column":1}},"line":112},"10":{"name":"(anonymous_10)","decl":{"start":{"line":117,"column":24},"end":{"line":117,"column":25}},"loc":{"start":{"line":117,"column":44},"end":{"line":120,"column":1}},"line":117}},"branchMap":{"0":{"loc":{"start":{"line":4,"column":23},"end":{"line":4,"column":39}},"type":"default-arg","locations":[{"start":{"line":4,"column":36},"end":{"line":4,"column":39}}],"line":4},"1":{"loc":{"start":{"line":4,"column":41},"end":{"line":4,"column":61}},"type":"default-arg","locations":[{"start":{"line":4,"column":57},"end":{"line":4,"column":61}}],"line":4},"2":{"loc":{"start":{"line":15,"column":23},"end":{"line":15,"column":35}},"type":"default-arg","locations":[{"start":{"line":15,"column":31},"end":{"line":15,"column":35}}],"line":15},"3":{"loc":{"start":{"line":23,"column":14},"end":{"line":23,"column":47}},"type":"default-arg","locations":[{"start":{"line":23,"column":24},"end":{"line":23,"column":47}}],"line":23},"4":{"loc":{"start":{"line":30,"column":14},"end":{"line":30,"column":39}},"type":"default-arg","locations":[{"start":{"line":30,"column":24},"end":{"line":30,"column":39}}],"line":30},"5":{"loc":{"start":{"line":37,"column":14},"end":{"line":37,"column":35}},"type":"default-arg","locations":[{"start":{"line":37,"column":25},"end":{"line":37,"column":35}}],"line":37},"6":{"loc":{"start":{"line":44,"column":14},"end":{"line":44,"column":51}},"type":"default-arg","locations":[{"start":{"line":44,"column":24},"end":{"line":44,"column":51}}],"line":44},"7":{"loc":{"start":{"line":66,"column":2},"end":{"line":69,"column":3}},"type":"if","locations":[{"start":{"line":66,"column":2},"end":{"line":69,"column":3}},{"start":{},"end":{}}],"line":66},"8":{"loc":{"start":{"line":72,"column":2},"end":{"line":75,"column":3}},"type":"if","locations":[{"start":{"line":72,"column":2},"end":{"line":75,"column":3}},{"start":{},"end":{}}],"line":72},"9":{"loc":{"start":{"line":78,"column":2},"end":{"line":81,"column":3}},"type":"if","locations":[{"start":{"line":78,"column":2},"end":{"line":81,"column":3}},{"start":{},"end":{}}],"line":78},"10":{"loc":{"start":{"line":84,"column":2},"end":{"line":86,"column":3}},"type":"if","locations":[{"start":{"line":84,"column":2},"end":{"line":86,"column":3}},{"start":{},"end":{}}],"line":84},"11":{"loc":{"start":{"line":88,"column":2},"end":{"line":90,"column":3}},"type":"if","locations":[{"start":{"line":88,"column":2},"end":{"line":90,"column":3}},{"start":{},"end":{}}],"line":88},"12":{"loc":{"start":{"line":93,"column":2},"end":{"line":95,"column":3}},"type":"if","locations":[{"start":{"line":93,"column":2},"end":{"line":95,"column":3}},{"start":{},"end":{}}],"line":93},"13":{"loc":{"start":{"line":97,"column":2},"end":{"line":99,"column":3}},"type":"if","locations":[{"start":{"line":97,"column":2},"end":{"line":99,"column":3}},{"start":{},"end":{}}],"line":97},"14":{"loc":{"start":{"line":101,"column":13},"end":{"line":101,"column":36}},"type":"binary-expr","locations":[{"start":{"line":101,"column":13},"end":{"line":101,"column":29}},{"start":{"line":101,"column":33},"end":{"line":101,"column":36}}],"line":101},"15":{"loc":{"start":{"line":104,"column":15},"end":{"line":104,"column":46}},"type":"binary-expr","locations":[{"start":{"line":104,"column":15},"end":{"line":104,"column":28}},{"start":{"line":104,"column":32},"end":{"line":104,"column":46}}],"line":104},"16":{"loc":{"start":{"line":105,"column":12},"end":{"line":105,"column":39}},"type":"binary-expr","locations":[{"start":{"line":105,"column":12},"end":{"line":105,"column":22}},{"start":{"line":105,"column":26},"end":{"line":105,"column":39}}],"line":105},"17":{"loc":{"start":{"line":106,"column":10},"end":{"line":106,"column":72}},"type":"binary-expr","locations":[{"start":{"line":106,"column":10},"end":{"line":106,"column":48}},{"start":{"line":106,"column":52},"end":{"line":106,"column":72}}],"line":106}},"s":{"0":12,"1":2,"2":2,"3":2,"4":2,"5":2,"6":1,"7":1,"8":1,"9":0,"10":0,"11":0,"12":0,"13":1,"14":1,"15":0,"16":0,"17":12,"18":2,"19":2,"20":2,"21":2,"22":0,"23":0,"24":2,"25":0,"26":0,"27":2,"28":0,"29":0,"30":0,"31":2,"32":0,"33":2,"34":0,"35":2,"36":0,"37":2,"38":0,"39":2,"40":12,"41":0,"42":0,"43":12,"44":1,"45":1,"46":12},"f":{"0":2,"1":1,"2":0,"3":0,"4":1,"5":0,"6":2,"7":0,"8":0,"9":0,"10":1},"b":{"0":[0],"1":[2],"2":[1],"3":[0],"4":[0],"5":[0],"6":[0],"7":[0,2],"8":[0,2],"9":[0,2],"10":[0,2],"11":[0,2],"12":[0,2],"13":[0,2],"14":[2,0],"15":[2,0],"16":[2,0],"17":[2,0]},"_coverageSchema":"1a1c01bbd47fc00a2c39e90264f33305004495a9","hash":"fff085f79516f9d483041af4448491129dc0553f"}
,"C:\\Desktop\\ESPE\\6-7 level\\Pruebas\\202550_Pruebas_Software_Grupo4\\Proyecto_P1\\holistica-backend\\utils\\logger.js": {"path":"C:\\Desktop\\ESPE\\6-7 level\\Pruebas\\202550_Pruebas_Software_Grupo4\\Proyecto_P1\\holistica-backend\\utils\\logger.js","statementMap":{"0":{"start":{"line":1,"column":11},"end":{"line":1,"column":24}},"1":{"start":{"line":2,"column":13},"end":{"line":2,"column":28}},"2":{"start":{"line":6,"column":4},"end":{"line":6,"column":50}},"3":{"start":{"line":7,"column":4},"end":{"line":7,"column":30}},"4":{"start":{"line":11,"column":4},"end":{"line":13,"column":5}},"5":{"start":{"line":12,"column":6},"end":{"line":12,"column":53}},"6":{"start":{"line":17,"column":22},"end":{"line":17,"column":46}},"7":{"start":{"line":18,"column":23},"end":{"line":18,"column":79}},"8":{"start":{"line":19,"column":4},"end":{"line":19,"column":79}},"9":{"start":{"line":23,"column":21},"end":{"line":23,"column":53}},"10":{"start":{"line":24,"column":4},"end":{"line":24,"column":41}},"11":{"start":{"line":28,"column":23},"end":{"line":28,"column":64}},"12":{"start":{"line":29,"column":4},"end":{"line":29,"column":44}},"13":{"start":{"line":33,"column":23},"end":{"line":33,"column":65}},"14":{"start":{"line":34,"column":4},"end":{"line":34,"column":46}},"15":{"start":{"line":38,"column":23},"end":{"line":38,"column":64}},"16":{"start":{"line":39,"column":4},"end":{"line":39,"column":44}},"17":{"start":{"line":43,"column":4},"end":{"line":46,"column":5}},"18":{"start":{"line":44,"column":25},"end":{"line":44,"column":67}},"19":{"start":{"line":45,"column":6},"end":{"line":45,"column":48}},"20":{"start":{"line":51,"column":18},"end":{"line":51,"column":28}},"21":{"start":{"line":52,"column":32},"end":{"line":52,"column":35}},"22":{"start":{"line":54,"column":4},"end":{"line":64,"column":7}},"23":{"start":{"line":55,"column":23},"end":{"line":55,"column":41}},"24":{"start":{"line":56,"column":29},"end":{"line":56,"column":32}},"25":{"start":{"line":58,"column":6},"end":{"line":63,"column":9}},"26":{"start":{"line":66,"column":4},"end":{"line":66,"column":11}},"27":{"start":{"line":71,"column":4},"end":{"line":71,"column":58}},"28":{"start":{"line":76,"column":4},"end":{"line":76,"column":53}},"29":{"start":{"line":80,"column":0},"end":{"line":80,"column":30}}},"fnMap":{"0":{"name":"(anonymous_0)","decl":{"start":{"line":5,"column":2},"end":{"line":5,"column":3}},"loc":{"start":{"line":5,"column":16},"end":{"line":8,"column":3}},"line":5},"1":{"name":"(anonymous_1)","decl":{"start":{"line":10,"column":2},"end":{"line":10,"column":3}},"loc":{"start":{"line":10,"column":23},"end":{"line":14,"column":3}},"line":10},"2":{"name":"(anonymous_2)","decl":{"start":{"line":16,"column":2},"end":{"line":16,"column":3}},"loc":{"start":{"line":16,"column":43},"end":{"line":20,"column":3}},"line":16},"3":{"name":"(anonymous_3)","decl":{"start":{"line":22,"column":2},"end":{"line":22,"column":3}},"loc":{"start":{"line":22,"column":33},"end":{"line":25,"column":3}},"line":22},"4":{"name":"(anonymous_4)","decl":{"start":{"line":27,"column":2},"end":{"line":27,"column":3}},"loc":{"start":{"line":27,"column":27},"end":{"line":30,"column":3}},"line":27},"5":{"name":"(anonymous_5)","decl":{"start":{"line":32,"column":2},"end":{"line":32,"column":3}},"loc":{"start":{"line":32,"column":28},"end":{"line":35,"column":3}},"line":32},"6":{"name":"(anonymous_6)","decl":{"start":{"line":37,"column":2},"end":{"line":37,"column":3}},"loc":{"start":{"line":37,"column":27},"end":{"line":40,"column":3}},"line":37},"7":{"name":"(anonymous_7)","decl":{"start":{"line":42,"column":2},"end":{"line":42,"column":3}},"loc":{"start":{"line":42,"column":28},"end":{"line":47,"column":3}},"line":42},"8":{"name":"(anonymous_8)","decl":{"start":{"line":50,"column":2},"end":{"line":50,"column":3}},"loc":{"start":{"line":50,"column":29},"end":{"line":67,"column":3}},"line":50},"9":{"name":"(anonymous_9)","decl":{"start":{"line":54,"column":21},"end":{"line":54,"column":22}},"loc":{"start":{"line":54,"column":27},"end":{"line":64,"column":5}},"line":54},"10":{"name":"(anonymous_10)","decl":{"start":{"line":70,"column":2},"end":{"line":70,"column":3}},"loc":{"start":{"line":70,"column":52},"end":{"line":72,"column":3}},"line":70},"11":{"name":"(anonymous_11)","decl":{"start":{"line":75,"column":2},"end":{"line":75,"column":3}},"loc":{"start":{"line":75,"column":37},"end":{"line":77,"column":3}},"line":75}},"branchMap":{"0":{"loc":{"start":{"line":11,"column":4},"end":{"line":13,"column":5}},"type":"if","locations":[{"start":{"line":11,"column":4},"end":{"line":13,"column":5}},{"start":{},"end":{}}],"line":11},"1":{"loc":{"start":{"line":16,"column":32},"end":{"line":16,"column":41}},"type":"default-arg","locations":[{"start":{"line":16,"column":39},"end":{"line":16,"column":41}}],"line":16},"2":{"loc":{"start":{"line":18,"column":23},"end":{"line":18,"column":79}},"type":"cond-expr","locations":[{"start":{"line":18,"column":54},"end":{"line":18,"column":74}},{"start":{"line":18,"column":77},"end":{"line":18,"column":79}}],"line":18},"3":{"loc":{"start":{"line":27,"column":16},"end":{"line":27,"column":25}},"type":"default-arg","locations":[{"start":{"line":27,"column":23},"end":{"line":27,"column":25}}],"line":27},"4":{"loc":{"start":{"line":32,"column":17},"end":{"line":32,"column":26}},"type":"default-arg","locations":[{"start":{"line":32,"column":24},"end":{"line":32,"column":26}}],"line":32},"5":{"loc":{"start":{"line":37,"column":16},"end":{"line":37,"column":25}},"type":"default-arg","locations":[{"start":{"line":37,"column":23},"end":{"line":37,"column":25}}],"line":37},"6":{"loc":{"start":{"line":42,"column":17},"end":{"line":42,"column":26}},"type":"default-arg","locations":[{"start":{"line":42,"column":24},"end":{"line":42,"column":26}}],"line":42},"7":{"loc":{"start":{"line":43,"column":4},"end":{"line":46,"column":5}},"type":"if","locations":[{"start":{"line":43,"column":4},"end":{"line":46,"column":5}},{"start":{},"end":{}}],"line":43},"8":{"loc":{"start":{"line":70,"column":41},"end":{"line":70,"column":50}},"type":"default-arg","locations":[{"start":{"line":70,"column":48},"end":{"line":70,"column":50}}],"line":70},"9":{"loc":{"start":{"line":75,"column":26},"end":{"line":75,"column":35}},"type":"default-arg","locations":[{"start":{"line":75,"column":33},"end":{"line":75,"column":35}}],"line":75}},"s":{"0":12,"1":12,"2":12,"3":12,"4":12,"5":0,"6":44,"7":44,"8":44,"9":44,"10":44,"11":42,"12":42,"13":2,"14":2,"15":0,"16":0,"17":0,"18":0,"19":0,"20":42,"21":42,"22":42,"23":42,"24":42,"25":42,"26":42,"27":0,"28":0,"29":12},"f":{"0":12,"1":12,"2":44,"3":44,"4":42,"5":2,"6":0,"7":0,"8":42,"9":42,"10":0,"11":0},"b":{"0":[0,12],"1":[0],"2":[44,0],"3":[0],"4":[0],"5":[0],"6":[0],"7":[0,0],"8":[0],"9":[0]},"_coverageSchema":"1a1c01bbd47fc00a2c39e90264f33305004495a9","hash":"17559ea0a989cb32dcda8d712b8bdda5b70a1053"}
}
