TN:
SF:app.js
FN:40,(anonymous_0)
FN:50,(anonymous_1)
FN:81,(anonymous_2)
FN:107,(anonymous_3)
FN:112,(anonymous_4)
FNF:5
FNH:1
FNDA:1,(anonymous_0)
FNDA:0,(anonymous_1)
FNDA:0,(anonymous_2)
FNDA:0,(anonymous_3)
FNDA:0,(anonymous_4)
DA:1,11
DA:2,11
DA:3,11
DA:4,11
DA:7,11
DA:8,11
DA:9,11
DA:12,11
DA:13,11
DA:14,11
DA:15,11
DA:16,11
DA:17,11
DA:18,11
DA:19,11
DA:21,11
DA:22,11
DA:25,11
DA:32,11
DA:33,11
DA:34,11
DA:37,11
DA:40,11
DA:41,1
DA:50,11
DA:51,0
DA:52,0
DA:53,0
DA:60,0
DA:61,0
DA:71,11
DA:72,11
DA:73,11
DA:74,11
DA:75,11
DA:76,11
DA:77,11
DA:78,11
DA:81,11
DA:82,0
DA:101,11
DA:104,11
DA:107,11
DA:108,0
DA:109,0
DA:112,11
DA:113,0
DA:114,0
DA:117,11
LF:49
LH:39
BRDA:26,0,0,11
BRDA:26,0,1,0
BRDA:45,1,0,1
BRDA:45,1,1,0
BRF:4
BRH:2
end_of_record
TN:
SF:config\db.js
FN:20,(anonymous_0)
FN:23,(anonymous_1)
FNF:2
FNH:1
FNDA:11,(anonymous_0)
FNDA:0,(anonymous_1)
DA:1,11
DA:2,11
DA:4,11
DA:16,11
DA:19,11
DA:21,11
DA:27,11
LF:7
LH:7
BRF:0
BRH:0
end_of_record
TN:
SF:controllers\auth.controller.js
FN:5,(anonymous_0)
FN:32,(anonymous_1)
FN:70,(anonymous_2)
FNF:3
FNH:2
FNDA:0,(anonymous_0)
FNDA:8,(anonymous_1)
FNDA:2,(anonymous_2)
DA:1,11
DA:2,11
DA:3,11
DA:5,11
DA:6,0
DA:7,0
DA:10,0
DA:11,0
DA:12,0
DA:16,0
DA:19,0
DA:23,0
DA:28,0
DA:32,11
DA:33,8
DA:34,8
DA:37,8
DA:38,8
DA:39,0
DA:43,8
DA:44,8
DA:45,1
DA:49,7
DA:55,7
DA:66,0
DA:70,11
DA:71,2
DA:73,2
DA:75,0
DA:81,11
LF:30
LH:18
BRDA:7,0,0,0
BRDA:11,1,0,0
BRDA:11,1,1,0
BRDA:38,2,0,0
BRDA:38,2,1,8
BRDA:44,3,0,1
BRDA:44,3,1,7
BRF:7
BRH:3
end_of_record
TN:
SF:controllers\course.controller.js
FN:3,(anonymous_0)
FN:12,(anonymous_1)
FN:27,(anonymous_2)
FN:55,(anonymous_3)
FN:71,(anonymous_4)
FNF:5
FNH:5
FNDA:2,(anonymous_0)
FNDA:3,(anonymous_1)
FNDA:2,(anonymous_2)
FNDA:1,(anonymous_3)
FNDA:1,(anonymous_4)
DA:1,11
DA:3,11
DA:4,2
DA:5,2
DA:6,2
DA:8,0
DA:12,11
DA:13,3
DA:14,3
DA:15,3
DA:17,3
DA:18,3
DA:21,0
DA:23,0
DA:27,11
DA:28,2
DA:29,2
DA:35,2
DA:36,2
DA:37,2
DA:38,2
DA:39,1
DA:45,1
DA:46,1
DA:51,0
DA:55,11
DA:56,1
DA:57,1
DA:59,1
DA:60,1
DA:61,1
DA:64,0
DA:65,0
DA:67,0
DA:71,11
DA:72,1
DA:73,1
DA:75,1
DA:76,1
DA:77,1
DA:80,0
DA:81,0
DA:83,0
DA:87,11
LF:44
LH:34
BRDA:17,0,0,3
BRDA:17,0,1,0
BRDA:36,1,0,1
BRDA:36,1,1,1
BRDA:37,2,0,0
BRDA:37,2,1,2
BRDA:38,3,0,1
BRDA:38,3,1,1
BRDA:60,4,0,1
BRDA:60,4,1,0
BRDA:76,5,0,1
BRDA:76,5,1,0
BRF:12
BRH:8
end_of_record
TN:
SF:controllers\payment.controller.js
FN:5,(anonymous_0)
FN:46,(anonymous_1)
FNF:2
FNH:2
FNDA:2,(anonymous_0)
FNDA:1,(anonymous_1)
DA:1,11
DA:2,11
DA:3,11
DA:5,11
DA:6,2
DA:7,2
DA:8,2
DA:11,2
DA:12,2
DA:13,1
DA:20,1
DA:21,1
DA:22,1
DA:26,0
DA:34,0
DA:36,0
DA:42,0
DA:46,11
DA:47,1
DA:48,1
DA:49,1
DA:50,1
DA:52,0
DA:56,11
LF:24
LH:19
BRDA:12,0,0,1
BRDA:12,0,1,1
BRDA:21,1,0,1
BRDA:21,1,1,0
BRF:4
BRH:3
end_of_record
TN:
SF:controllers\report.controller.js
FN:4,(anonymous_0)
FN:47,(anonymous_1)
FNF:2
FNH:2
FNDA:1,(anonymous_0)
FNDA:1,(anonymous_1)
DA:1,11
DA:2,11
DA:4,11
DA:5,1
DA:7,1
DA:23,1
DA:38,1
DA:43,0
DA:47,11
DA:48,1
DA:49,1
DA:61,1
DA:63,0
DA:67,11
LF:14
LH:12
BRF:0
BRH:0
end_of_record
TN:
SF:controllers\schedule.controller.js
FN:3,(anonymous_0)
FN:12,(anonymous_1)
FN:22,(anonymous_2)
FN:34,(anonymous_3)
FN:44,(anonymous_4)
FNF:5
FNH:5
FNDA:1,(anonymous_0)
FNDA:1,(anonymous_1)
FNDA:1,(anonymous_2)
FNDA:1,(anonymous_3)
FNDA:1,(anonymous_4)
DA:1,11
DA:3,11
DA:4,1
DA:5,1
DA:6,1
DA:8,0
DA:12,11
DA:13,1
DA:14,1
DA:15,1
DA:16,1
DA:18,0
DA:22,11
DA:23,1
DA:24,1
DA:25,0
DA:30,1
DA:34,11
DA:35,1
DA:36,1
DA:37,1
DA:38,1
DA:40,0
DA:44,11
DA:45,1
DA:46,1
DA:47,1
DA:48,1
DA:50,0
DA:54,11
LF:30
LH:25
BRF:0
BRH:0
end_of_record
TN:
SF:controllers\user.controller.js
FN:4,(anonymous_0)
FN:21,(anonymous_1)
FN:45,(anonymous_2)
FN:49,(anonymous_3)
FN:59,(anonymous_4)
FNF:5
FNH:5
FNDA:1,(anonymous_0)
FNDA:1,(anonymous_1)
FNDA:1,(anonymous_2)
FNDA:4,(anonymous_3)
FNDA:3,(anonymous_4)
DA:1,11
DA:2,11
DA:4,11
DA:5,1
DA:6,1
DA:7,1
DA:9,1
DA:10,0
DA:14,1
DA:15,1
DA:17,0
DA:21,11
DA:22,1
DA:23,1
DA:24,1
DA:27,1
DA:28,0
DA:32,1
DA:34,1
DA:35,0
DA:38,1
DA:39,1
DA:41,0
DA:45,11
DA:46,1
DA:47,1
DA:49,1
DA:50,4
DA:51,4
DA:53,1
DA:55,0
DA:59,11
DA:60,3
DA:61,3
DA:64,3
DA:65,1
DA:69,2
DA:70,2
DA:71,1
DA:75,1
DA:78,1
DA:82,1
DA:87,0
DA:91,11
LF:44
LH:37
BRDA:9,0,0,0
BRDA:9,0,1,1
BRDA:24,1,0,1
BRDA:24,1,1,0
BRDA:27,2,0,0
BRDA:27,2,1,1
BRDA:34,3,0,0
BRDA:34,3,1,1
BRDA:61,4,0,0
BRDA:64,5,0,1
BRDA:64,5,1,2
BRDA:64,6,0,3
BRDA:64,6,1,2
BRDA:64,6,2,2
BRDA:64,6,3,2
BRDA:70,7,0,1
BRDA:70,7,1,1
BRF:17
BRH:12
end_of_record
TN:
SF:middlewares\role.middleware.js
FN:1,(anonymous_0)
FN:2,(anonymous_1)
FNF:2
FNH:2
FNDA:121,(anonymous_0)
FNDA:13,(anonymous_1)
DA:1,11
DA:2,121
DA:3,13
DA:4,0
DA:7,13
DA:8,0
DA:15,13
DA:19,11
LF:8
LH:6
BRDA:3,0,0,0
BRDA:3,0,1,13
BRDA:7,1,0,0
BRDA:7,1,1,13
BRF:4
BRH:2
end_of_record
TN:
SF:models\payment.model.js
FN:4,(anonymous_0)
FN:16,(anonymous_1)
FNF:2
FNH:1
FNDA:0,(anonymous_0)
FNDA:1,(anonymous_1)
DA:1,11
DA:3,11
DA:5,0
DA:7,0
DA:13,0
DA:17,1
DA:23,1
DA:27,11
LF:8
LH:5
BRF:0
BRH:0
end_of_record
TN:
SF:models\user.model.js
FN:4,(anonymous_0)
FN:26,(anonymous_1)
FN:31,(anonymous_2)
FN:36,(anonymous_3)
FN:46,(anonymous_4)
FN:52,(anonymous_5)
FN:58,(anonymous_6)
FNF:7
FNH:6
FNDA:1,(anonymous_0)
FNDA:1,(anonymous_1)
FNDA:10,(anonymous_2)
FNDA:1,(anonymous_3)
FNDA:1,(anonymous_4)
FNDA:4,(anonymous_5)
FNDA:0,(anonymous_6)
DA:1,11
DA:3,11
DA:14,1
DA:16,1
DA:23,1
DA:27,1
DA:28,1
DA:32,10
DA:33,10
DA:37,1
DA:43,1
DA:47,1
DA:48,1
DA:50,1
DA:52,4
DA:53,1
DA:55,1
DA:59,0
DA:63,11
LF:19
LH:18
BRDA:50,0,0,0
BRDA:50,0,1,1
BRF:2
BRH:1
end_of_record
TN:
SF:routes\admin.routes.js
FNF:0
FNH:0
DA:1,11
DA:2,11
DA:3,11
DA:4,11
DA:5,11
DA:8,11
DA:9,11
DA:12,11
DA:13,11
DA:14,11
DA:17,11
DA:19,11
LF:12
LH:12
BRF:0
BRH:0
end_of_record
TN:
SF:routes\auth.routes.js
FNF:0
FNH:0
DA:1,11
DA:2,11
DA:3,11
DA:4,11
DA:7,11
DA:10,11
DA:13,11
DA:14,11
DA:17,11
LF:9
LH:9
BRF:0
BRH:0
end_of_record
TN:
SF:routes\course.routes.js
FNF:0
FNH:0
DA:1,11
DA:2,11
DA:3,11
DA:4,11
DA:5,11
DA:8,11
DA:9,11
DA:12,11
DA:13,11
DA:14,11
DA:16,11
LF:11
LH:11
BRF:0
BRH:0
end_of_record
TN:
SF:routes\enrollment.routes.js
FNF:0
FNH:0
DA:1,11
DA:2,11
DA:3,11
DA:4,11
DA:5,11
DA:8,11
DA:11,11
DA:14,11
DA:16,11
LF:9
LH:9
BRF:0
BRH:0
end_of_record
TN:
SF:routes\payment.routes.js
FNF:0
FNH:0
DA:1,11
DA:2,11
DA:3,11
DA:4,11
DA:7,11
DA:10,11
DA:12,11
LF:7
LH:7
BRF:0
BRH:0
end_of_record
TN:
SF:routes\report.routes.js
FNF:0
FNH:0
DA:1,11
DA:2,11
DA:3,11
DA:4,11
DA:5,11
DA:8,11
DA:9,11
DA:12,11
DA:15,11
DA:17,11
LF:10
LH:10
BRF:0
BRH:0
end_of_record
TN:
SF:routes\schedule.routes.js
FNF:0
FNH:0
DA:1,11
DA:2,11
DA:3,11
DA:4,11
DA:5,11
DA:8,11
DA:11,11
DA:14,11
DA:17,11
DA:20,11
DA:22,11
LF:11
LH:11
BRF:0
BRH:0
end_of_record
TN:
SF:routes\user.routes.js
FNF:0
FNH:0
DA:1,11
DA:2,11
DA:3,11
DA:4,11
DA:5,11
DA:8,11
DA:11,11
DA:14,11
DA:15,11
DA:17,11
LF:10
LH:10
BRF:0
BRH:0
end_of_record
