TN:
SF:config\db.js
FN:20,(anonymous_0)
FN:23,(anonymous_1)
FNF:2
FNH:0
FNDA:0,(anonymous_0)
FNDA:0,(anonymous_1)
DA:1,3
DA:2,3
DA:4,3
DA:16,3
DA:19,3
DA:21,0
DA:27,3
LF:7
LH:6
BRDA:5,0,0,3
BRDA:5,0,1,0
BRDA:6,1,0,3
BRDA:6,1,1,0
BRDA:7,2,0,3
BRDA:7,2,1,3
BRDA:8,3,0,3
BRDA:8,3,1,0
BRDA:9,4,0,3
BRDA:9,4,1,0
BRF:10
BRH:6
end_of_record
TN:
SF:config\env.js
FN:30,(anonymous_0)
FNF:1
FNH:1
FNDA:4,(anonymous_0)
DA:1,1
DA:3,1
DA:23,1
DA:30,4
DA:32,1
DA:33,0
DA:34,0
DA:37,1
LF:8
LH:6
BRDA:5,0,0,1
BRDA:5,0,1,0
BRDA:11,1,0,1
BRDA:11,1,1,0
BRDA:16,2,0,1
BRDA:16,2,1,1
BRDA:19,3,0,1
BRDA:19,3,1,0
BRDA:32,4,0,0
BRDA:32,4,1,1
BRF:10
BRH:6
end_of_record
TN:
SF:controllers\auth.controller.js
FN:5,(anonymous_0)
FN:32,(anonymous_1)
FN:70,(anonymous_2)
FNF:3
FNH:3
FNDA:3,(anonymous_0)
FNDA:4,(anonymous_1)
FNDA:2,(anonymous_2)
DA:1,1
DA:2,1
DA:3,1
DA:5,1
DA:6,3
DA:7,3
DA:10,3
DA:11,3
DA:12,1
DA:16,2
DA:19,2
DA:23,1
DA:28,1
DA:32,1
DA:33,4
DA:34,4
DA:37,4
DA:38,3
DA:39,1
DA:43,2
DA:44,2
DA:45,1
DA:49,1
DA:55,1
DA:66,1
DA:70,1
DA:71,2
DA:73,2
DA:75,1
DA:81,1
LF:30
LH:30
BRDA:7,0,0,3
BRDA:11,1,0,1
BRDA:11,1,1,2
BRDA:38,2,0,1
BRDA:38,2,1,2
BRDA:44,3,0,1
BRDA:44,3,1,1
BRF:7
BRH:7
end_of_record
TN:
SF:controllers\course.controller.js
FN:87,(anonymous_0)
FN:93,(anonymous_1)
FN:94,(anonymous_2)
FN:97,(anonymous_3)
FN:119,(anonymous_4)
FN:128,(anonymous_5)
FN:143,(anonymous_6)
FN:159,(anonymous_7)
FNF:8
FNH:8
FNDA:9,(anonymous_0)
FNDA:3,(anonymous_1)
FNDA:6,(anonymous_2)
FNDA:3,(anonymous_3)
FNDA:2,(anonymous_4)
FNDA:3,(anonymous_5)
FNDA:3,(anonymous_6)
FNDA:3,(anonymous_7)
DA:1,1
DA:87,1
DA:88,9
DA:93,1
DA:94,6
DA:97,1
DA:98,3
DA:99,3
DA:104,3
DA:105,3
DA:106,1
DA:109,2
DA:110,1
DA:115,1
DA:119,1
DA:120,2
DA:121,2
DA:122,1
DA:124,1
DA:128,1
DA:129,3
DA:130,3
DA:131,3
DA:133,2
DA:134,1
DA:137,1
DA:139,1
DA:143,1
DA:144,3
DA:145,3
DA:146,3
DA:148,3
DA:149,1
DA:152,2
DA:153,1
DA:155,1
DA:159,1
DA:160,3
DA:161,3
DA:162,3
DA:164,3
DA:165,1
DA:168,2
DA:169,1
DA:171,1
DA:177,1
LF:46
LH:46
BRDA:87,0,0,3
BRDA:89,1,0,6
BRDA:89,1,1,3
BRDA:105,2,0,1
BRDA:105,2,1,2
BRDA:133,3,0,1
BRDA:133,3,1,1
BRDA:148,4,0,1
BRDA:148,4,1,2
BRDA:164,5,0,1
BRDA:164,5,1,2
BRF:11
BRH:11
end_of_record
TN:
SF:controllers\user.controller.js
FN:4,(anonymous_0)
FN:21,(anonymous_1)
FN:45,(anonymous_2)
FN:49,(anonymous_3)
FN:59,(anonymous_4)
FN:91,(anonymous_5)
FNF:6
FNH:6
FNDA:3,(anonymous_0)
FNDA:4,(anonymous_1)
FNDA:2,(anonymous_2)
FNDA:2,(anonymous_3)
FNDA:4,(anonymous_4)
FNDA:3,(anonymous_5)
DA:1,1
DA:2,1
DA:4,1
DA:5,3
DA:6,3
DA:7,3
DA:9,2
DA:10,1
DA:14,1
DA:15,1
DA:17,1
DA:21,1
DA:22,4
DA:23,4
DA:24,4
DA:27,4
DA:28,1
DA:32,3
DA:34,3
DA:35,1
DA:38,2
DA:39,1
DA:41,1
DA:45,1
DA:46,2
DA:47,2
DA:49,1
DA:50,2
DA:51,2
DA:53,1
DA:55,1
DA:59,1
DA:60,4
DA:61,4
DA:64,4
DA:65,1
DA:69,3
DA:70,3
DA:71,1
DA:75,2
DA:78,2
DA:82,1
DA:87,1
DA:91,1
DA:92,3
DA:93,3
DA:94,3
DA:96,3
DA:97,1
DA:103,2
DA:105,1
DA:110,1
DA:115,1
LF:53
LH:53
BRDA:9,0,0,1
BRDA:9,0,1,1
BRDA:24,1,0,4
BRDA:24,1,1,0
BRDA:27,2,0,1
BRDA:27,2,1,3
BRDA:34,3,0,1
BRDA:34,3,1,2
BRDA:61,4,0,4
BRDA:64,5,0,1
BRDA:64,5,1,3
BRDA:64,6,0,4
BRDA:64,6,1,4
BRDA:64,6,2,3
BRDA:64,6,3,3
BRDA:70,7,0,1
BRDA:70,7,1,2
BRDA:96,8,0,1
BRDA:96,8,1,2
BRF:19
BRH:18
end_of_record
TN:
SF:middlewares\auth.middleware.js
FN:3,(anonymous_0)
FNF:1
FNH:1
FNDA:5,(anonymous_0)
DA:1,1
DA:3,1
DA:4,5
DA:5,5
DA:7,5
DA:8,1
DA:11,4
DA:12,4
DA:13,2
DA:14,2
DA:16,2
DA:17,1
DA:19,1
DA:23,1
LF:14
LH:14
BRDA:7,0,0,1
BRDA:7,0,1,4
BRDA:16,1,0,1
BRDA:16,1,1,1
BRF:4
BRH:4
end_of_record
TN:
SF:models\course.model.js
FN:4,(anonymous_0)
FN:19,(anonymous_1)
FN:24,(anonymous_2)
FN:29,(anonymous_3)
FN:42,(anonymous_4)
FNF:5
FNH:5
FNDA:1,(anonymous_0)
FNDA:1,(anonymous_1)
FNDA:2,(anonymous_2)
FNDA:1,(anonymous_3)
FNDA:1,(anonymous_4)
DA:1,2
DA:3,2
DA:8,1
DA:10,1
DA:16,1
DA:20,1
DA:21,1
DA:25,2
DA:26,2
DA:33,1
DA:35,1
DA:43,1
DA:47,2
LF:13
LH:13
BRF:0
BRH:0
end_of_record
TN:
SF:models\user.model.js
FN:4,(anonymous_0)
FN:26,(anonymous_1)
FN:31,(anonymous_2)
FN:36,(anonymous_3)
FN:46,(anonymous_4)
FN:52,(anonymous_5)
FN:58,(anonymous_6)
FNF:7
FNH:7
FNDA:1,(anonymous_0)
FNDA:2,(anonymous_1)
FNDA:2,(anonymous_2)
FNDA:1,(anonymous_3)
FNDA:2,(anonymous_4)
FNDA:3,(anonymous_5)
FNDA:1,(anonymous_6)
DA:1,3
DA:3,3
DA:14,1
DA:16,1
DA:23,1
DA:27,2
DA:28,2
DA:32,2
DA:33,2
DA:37,1
DA:43,1
DA:47,2
DA:48,2
DA:50,2
DA:52,3
DA:53,1
DA:55,1
DA:59,1
DA:63,3
LF:19
LH:19
BRDA:50,0,0,1
BRDA:50,0,1,1
BRF:2
BRH:2
end_of_record
TN:
SF:utils\errorHandler.js
FN:2,(anonymous_0)
FN:12,(anonymous_1)
FN:13,(anonymous_2)
FN:18,(anonymous_3)
FN:24,(anonymous_4)
FN:26,(anonymous_5)
FN:28,(anonymous_6)
FN:37,(anonymous_7)
FN:55,(anonymous_8)
FN:60,(anonymous_9)
FNF:10
FNH:7
FNDA:7,(anonymous_0)
FNDA:0,(anonymous_1)
FNDA:0,(anonymous_2)
FNDA:0,(anonymous_3)
FNDA:1,(anonymous_4)
FNDA:1,(anonymous_5)
FNDA:1,(anonymous_6)
FNDA:4,(anonymous_7)
FNDA:1,(anonymous_8)
FNDA:5,(anonymous_9)
DA:3,7
DA:4,7
DA:5,7
DA:6,7
DA:8,7
DA:12,1
DA:13,0
DA:14,0
DA:15,0
DA:18,1
DA:19,0
DA:20,0
DA:21,0
DA:24,1
DA:26,1
DA:28,1
DA:29,1
DA:37,1
DA:39,4
DA:40,3
DA:47,1
DA:48,1
DA:55,1
DA:56,1
DA:57,1
DA:60,1
DA:61,5
DA:62,5
DA:64,5
DA:65,1
DA:66,4
DA:67,4
DA:68,4
DA:70,4
DA:71,4
DA:72,4
DA:73,4
DA:75,4
DA:79,1
LF:39
LH:33
BRDA:5,0,0,6
BRDA:5,0,1,1
BRDA:39,1,0,3
BRDA:39,1,1,1
BRDA:61,2,0,5
BRDA:61,2,1,3
BRDA:62,3,0,5
BRDA:62,3,1,3
BRDA:64,4,0,1
BRDA:64,4,1,4
BRDA:66,5,0,4
BRDA:66,5,1,0
BRDA:70,6,0,0
BRDA:70,6,1,4
BRDA:71,7,0,0
BRDA:71,7,1,4
BRDA:72,8,0,1
BRDA:72,8,1,3
BRDA:73,9,0,1
BRDA:73,9,1,3
BRF:20
BRH:17
end_of_record
